{"D:\\react_native\\todo-reactnative-master\\src\\components\\UserDefinedComponents\\Button.js": {"path":"D:\\react_native\\todo-reactnative-master\\src\\components\\UserDefinedComponents\\Button.js","statementMap":{"0":{"start":{"line":38,"column":4},"end":{"line":38,"column":17}},"1":{"start":{"line":53,"column":24},"end":{"line":53,"column":34}},"2":{"start":{"line":55,"column":4},"end":{"line":64,"column":6}},"3":{"start":{"line":68,"column":15},"end":{"line":84,"column":2}}},"fnMap":{"0":{"name":"(anonymous_0)","decl":{"start":{"line":26,"column":13},"end":{"line":26,"column":14}},"loc":{"start":{"line":26,"column":19},"end":{"line":26,"column":21}},"line":26},"1":{"name":"(anonymous_1)","decl":{"start":{"line":37,"column":2},"end":{"line":37,"column":3}},"loc":{"start":{"line":37,"column":21},"end":{"line":39,"column":3}},"line":37},"2":{"name":"(anonymous_2)","decl":{"start":{"line":41,"column":2},"end":{"line":41,"column":3}},"loc":{"start":{"line":41,"column":11},"end":{"line":65,"column":3}},"line":41}},"branchMap":{},"s":{"0":1,"1":1,"2":1,"3":3},"f":{"0":0,"1":1,"2":1},"b":{},"_coverageSchema":"332fd63041d2c1bcb487cc26dd0d5f7d97098a6c","hash":"99c8c9fde848f1505efb5e51aef176ef9a31a1ad"}
,"D:\\react_native\\todo-reactnative-master\\src\\components\\UserDefinedComponents\\HeaderComponent.js": {"path":"D:\\react_native\\todo-reactnative-master\\src\\components\\UserDefinedComponents\\HeaderComponent.js","statementMap":{"0":{"start":{"line":26,"column":4},"end":{"line":26,"column":17}},"1":{"start":{"line":36,"column":8},"end":{"line":36,"column":18}},"2":{"start":{"line":38,"column":4},"end":{"line":44,"column":6}},"3":{"start":{"line":48,"column":15},"end":{"line":60,"column":2}}},"fnMap":{"0":{"name":"(anonymous_0)","decl":{"start":{"line":25,"column":2},"end":{"line":25,"column":3}},"loc":{"start":{"line":25,"column":21},"end":{"line":27,"column":3}},"line":25},"1":{"name":"(anonymous_1)","decl":{"start":{"line":29,"column":2},"end":{"line":29,"column":3}},"loc":{"start":{"line":29,"column":11},"end":{"line":45,"column":3}},"line":29}},"branchMap":{},"s":{"0":1,"1":1,"2":1,"3":3},"f":{"0":1,"1":1},"b":{},"_coverageSchema":"332fd63041d2c1bcb487cc26dd0d5f7d97098a6c","hash":"e49f6038fcbb24ef4db3c1c04e43366bdb8c46d7"}
,"D:\\react_native\\todo-reactnative-master\\src\\components\\UserDefinedComponents\\Spinner.js": {"path":"D:\\react_native\\todo-reactnative-master\\src\\components\\UserDefinedComponents\\Spinner.js","statementMap":{"0":{"start":{"line":20,"column":15},"end":{"line":55,"column":2}},"1":{"start":{"line":57,"column":18},"end":{"line":57,"column":43}},"2":{"start":{"line":58,"column":14},"end":{"line":58,"column":42}},"3":{"start":{"line":83,"column":4},"end":{"line":83,"column":17}},"4":{"start":{"line":84,"column":4},"end":{"line":87,"column":6}},"5":{"start":{"line":91,"column":37},"end":{"line":91,"column":46}},"6":{"start":{"line":92,"column":4},"end":{"line":92,"column":44}},"7":{"start":{"line":96,"column":4},"end":{"line":96,"column":38}},"8":{"start":{"line":100,"column":4},"end":{"line":102,"column":5}},"9":{"start":{"line":101,"column":6},"end":{"line":101,"column":19}},"10":{"start":{"line":106,"column":4},"end":{"line":132,"column":6}},"11":{"start":{"line":136,"column":24},"end":{"line":136,"column":34}},"12":{"start":{"line":138,"column":4},"end":{"line":138,"column":34}},"13":{"start":{"line":138,"column":20},"end":{"line":138,"column":32}},"14":{"start":{"line":141,"column":6},"end":{"line":148,"column":13}},"15":{"start":{"line":151,"column":4},"end":{"line":161,"column":6}},"16":{"start":{"line":154,"column":30},"end":{"line":154,"column":58}},"17":{"start":{"line":165,"column":4},"end":{"line":165,"column":33}}},"fnMap":{"0":{"name":"(anonymous_0)","decl":{"start":{"line":82,"column":2},"end":{"line":82,"column":3}},"loc":{"start":{"line":82,"column":21},"end":{"line":88,"column":3}},"line":82},"1":{"name":"(anonymous_1)","decl":{"start":{"line":90,"column":2},"end":{"line":90,"column":3}},"loc":{"start":{"line":90,"column":39},"end":{"line":93,"column":3}},"line":90},"2":{"name":"(anonymous_2)","decl":{"start":{"line":95,"column":2},"end":{"line":95,"column":3}},"loc":{"start":{"line":95,"column":10},"end":{"line":97,"column":3}},"line":95},"3":{"name":"(anonymous_3)","decl":{"start":{"line":99,"column":2},"end":{"line":99,"column":3}},"loc":{"start":{"line":99,"column":26},"end":{"line":103,"column":3}},"line":99},"4":{"name":"(anonymous_4)","decl":{"start":{"line":105,"column":2},"end":{"line":105,"column":3}},"loc":{"start":{"line":105,"column":26},"end":{"line":133,"column":3}},"line":105},"5":{"name":"(anonymous_5)","decl":{"start":{"line":135,"column":2},"end":{"line":135,"column":3}},"loc":{"start":{"line":135,"column":19},"end":{"line":162,"column":3}},"line":135},"6":{"name":"(anonymous_6)","decl":{"start":{"line":154,"column":24},"end":{"line":154,"column":25}},"loc":{"start":{"line":154,"column":30},"end":{"line":154,"column":58}},"line":154},"7":{"name":"(anonymous_7)","decl":{"start":{"line":164,"column":2},"end":{"line":164,"column":3}},"loc":{"start":{"line":164,"column":11},"end":{"line":166,"column":3}},"line":164}},"branchMap":{"0":{"loc":{"start":{"line":100,"column":4},"end":{"line":102,"column":5}},"type":"if","locations":[{"start":{"line":100,"column":4},"end":{"line":102,"column":5}},{"start":{"line":100,"column":4},"end":{"line":102,"column":5}}],"line":100},"1":{"loc":{"start":{"line":138,"column":4},"end":{"line":138,"column":34}},"type":"if","locations":[{"start":{"line":138,"column":4},"end":{"line":138,"column":34}},{"start":{"line":138,"column":4},"end":{"line":138,"column":34}}],"line":138},"2":{"loc":{"start":{"line":145,"column":9},"end":{"line":147,"column":40}},"type":"cond-expr","locations":[{"start":{"line":146,"column":12},"end":{"line":146,"column":31}},{"start":{"line":147,"column":12},"end":{"line":147,"column":40}}],"line":145}},"s":{"0":1,"1":1,"2":1,"3":1,"4":1,"5":0,"6":0,"7":0,"8":0,"9":0,"10":0,"11":1,"12":1,"13":1,"14":0,"15":0,"16":0,"17":1},"f":{"0":1,"1":0,"2":0,"3":0,"4":0,"5":1,"6":0,"7":1},"b":{"0":[0,0],"1":[1,0],"2":[0,0]},"_coverageSchema":"332fd63041d2c1bcb487cc26dd0d5f7d97098a6c","hash":"3c3017fb1f77430117ab7beecc4a08ada98968b5"}
,"D:\\react_native\\todo-reactnative-master\\src\\modules\\screens\\AddTask\\AddTaskView.js": {"path":"D:\\react_native\\todo-reactnative-master\\src\\modules\\screens\\AddTask\\AddTaskView.js","statementMap":{"0":{"start":{"line":15,"column":20},"end":{"line":15,"column":30}},"1":{"start":{"line":22,"column":4},"end":{"line":22,"column":17}},"2":{"start":{"line":23,"column":4},"end":{"line":33,"column":5}},"3":{"start":{"line":36,"column":4},"end":{"line":41,"column":5}},"4":{"start":{"line":37,"column":19},"end":{"line":37,"column":51}},"5":{"start":{"line":38,"column":6},"end":{"line":38,"column":43}},"6":{"start":{"line":40,"column":6},"end":{"line":40,"column":54}},"7":{"start":{"line":45,"column":4},"end":{"line":48,"column":5}},"8":{"start":{"line":46,"column":19},"end":{"line":46,"column":50}},"9":{"start":{"line":47,"column":6},"end":{"line":47,"column":43}},"10":{"start":{"line":52,"column":4},"end":{"line":55,"column":5}},"11":{"start":{"line":53,"column":17},"end":{"line":53,"column":44}},"12":{"start":{"line":54,"column":6},"end":{"line":54,"column":45}},"13":{"start":{"line":59,"column":4},"end":{"line":59,"column":45}},"14":{"start":{"line":60,"column":4},"end":{"line":60,"column":46}},"15":{"start":{"line":64,"column":4},"end":{"line":71,"column":5}},"16":{"start":{"line":65,"column":25},"end":{"line":65,"column":50}},"17":{"start":{"line":66,"column":6},"end":{"line":66,"column":47}},"18":{"start":{"line":67,"column":6},"end":{"line":67,"column":54}},"19":{"start":{"line":69,"column":6},"end":{"line":69,"column":37}},"20":{"start":{"line":70,"column":6},"end":{"line":70,"column":44}},"21":{"start":{"line":72,"column":4},"end":{"line":79,"column":5}},"22":{"start":{"line":73,"column":24},"end":{"line":73,"column":48}},"23":{"start":{"line":74,"column":6},"end":{"line":74,"column":44}},"24":{"start":{"line":75,"column":6},"end":{"line":75,"column":51}},"25":{"start":{"line":77,"column":6},"end":{"line":77,"column":35}},"26":{"start":{"line":78,"column":6},"end":{"line":78,"column":42}},"27":{"start":{"line":80,"column":4},"end":{"line":87,"column":5}},"28":{"start":{"line":81,"column":25},"end":{"line":81,"column":46}},"29":{"start":{"line":82,"column":6},"end":{"line":82,"column":43}},"30":{"start":{"line":83,"column":6},"end":{"line":83,"column":50}},"31":{"start":{"line":85,"column":6},"end":{"line":85,"column":33}},"32":{"start":{"line":86,"column":6},"end":{"line":86,"column":40}},"33":{"start":{"line":89,"column":4},"end":{"line":109,"column":5}},"34":{"start":{"line":91,"column":24},"end":{"line":97,"column":7}},"35":{"start":{"line":98,"column":6},"end":{"line":98,"column":77}},"36":{"start":{"line":99,"column":6},"end":{"line":106,"column":15}},"37":{"start":{"line":100,"column":8},"end":{"line":105,"column":11}},"38":{"start":{"line":108,"column":6},"end":{"line":108,"column":44}},"39":{"start":{"line":113,"column":4},"end":{"line":188,"column":6}},"40":{"start":{"line":127,"column":45},"end":{"line":127,"column":84}},"41":{"start":{"line":148,"column":43},"end":{"line":148,"column":78}},"42":{"start":{"line":164,"column":18},"end":{"line":168,"column":19}},"43":{"start":{"line":165,"column":20},"end":{"line":165,"column":46}},"44":{"start":{"line":167,"column":20},"end":{"line":167,"column":47}},"45":{"start":{"line":169,"column":18},"end":{"line":178,"column":19}},"46":{"start":{"line":170,"column":67},"end":{"line":170,"column":100}},"47":{"start":{"line":194,"column":15},"end":{"line":211,"column":2}}},"fnMap":{"0":{"name":"(anonymous_0)","decl":{"start":{"line":21,"column":2},"end":{"line":21,"column":3}},"loc":{"start":{"line":21,"column":21},"end":{"line":34,"column":3}},"line":21},"1":{"name":"(anonymous_1)","decl":{"start":{"line":35,"column":2},"end":{"line":35,"column":3}},"loc":{"start":{"line":35,"column":23},"end":{"line":42,"column":3}},"line":35},"2":{"name":"(anonymous_2)","decl":{"start":{"line":44,"column":2},"end":{"line":44,"column":3}},"loc":{"start":{"line":44,"column":39},"end":{"line":49,"column":3}},"line":44},"3":{"name":"(anonymous_3)","decl":{"start":{"line":51,"column":2},"end":{"line":51,"column":3}},"loc":{"start":{"line":51,"column":22},"end":{"line":56,"column":3}},"line":51},"4":{"name":"(anonymous_4)","decl":{"start":{"line":58,"column":23},"end":{"line":58,"column":24}},"loc":{"start":{"line":58,"column":36},"end":{"line":61,"column":3}},"line":58},"5":{"name":"(anonymous_5)","decl":{"start":{"line":63,"column":12},"end":{"line":63,"column":13}},"loc":{"start":{"line":63,"column":18},"end":{"line":110,"column":3}},"line":63},"6":{"name":"(anonymous_6)","decl":{"start":{"line":99,"column":17},"end":{"line":99,"column":18}},"loc":{"start":{"line":99,"column":23},"end":{"line":106,"column":7}},"line":99},"7":{"name":"(anonymous_7)","decl":{"start":{"line":112,"column":2},"end":{"line":112,"column":3}},"loc":{"start":{"line":112,"column":11},"end":{"line":189,"column":3}},"line":112},"8":{"name":"(anonymous_8)","decl":{"start":{"line":127,"column":30},"end":{"line":127,"column":31}},"loc":{"start":{"line":127,"column":45},"end":{"line":127,"column":84}},"line":127},"9":{"name":"(anonymous_9)","decl":{"start":{"line":148,"column":30},"end":{"line":148,"column":31}},"loc":{"start":{"line":148,"column":43},"end":{"line":148,"column":78}},"line":148},"10":{"name":"(anonymous_10)","decl":{"start":{"line":163,"column":44},"end":{"line":163,"column":45}},"loc":{"start":{"line":163,"column":64},"end":{"line":179,"column":17}},"line":163},"11":{"name":"(anonymous_11)","decl":{"start":{"line":170,"column":59},"end":{"line":170,"column":60}},"loc":{"start":{"line":170,"column":65},"end":{"line":170,"column":102}},"line":170}},"branchMap":{"0":{"loc":{"start":{"line":36,"column":4},"end":{"line":41,"column":5}},"type":"if","locations":[{"start":{"line":36,"column":4},"end":{"line":41,"column":5}},{"start":{"line":36,"column":4},"end":{"line":41,"column":5}}],"line":36},"1":{"loc":{"start":{"line":36,"column":8},"end":{"line":36,"column":167}},"type":"binary-expr","locations":[{"start":{"line":36,"column":8},"end":{"line":36,"column":28}},{"start":{"line":36,"column":32},"end":{"line":36,"column":63}},{"start":{"line":36,"column":67},"end":{"line":36,"column":94}},{"start":{"line":36,"column":98},"end":{"line":36,"column":127}},{"start":{"line":36,"column":131},"end":{"line":36,"column":167}}],"line":36},"2":{"loc":{"start":{"line":45,"column":4},"end":{"line":48,"column":5}},"type":"if","locations":[{"start":{"line":45,"column":4},"end":{"line":48,"column":5}},{"start":{"line":45,"column":4},"end":{"line":48,"column":5}}],"line":45},"3":{"loc":{"start":{"line":45,"column":8},"end":{"line":45,"column":162}},"type":"binary-expr","locations":[{"start":{"line":45,"column":8},"end":{"line":45,"column":27}},{"start":{"line":45,"column":31},"end":{"line":45,"column":61}},{"start":{"line":45,"column":65},"end":{"line":45,"column":91}},{"start":{"line":45,"column":95},"end":{"line":45,"column":123}},{"start":{"line":45,"column":127},"end":{"line":45,"column":162}}],"line":45},"4":{"loc":{"start":{"line":52,"column":4},"end":{"line":55,"column":5}},"type":"if","locations":[{"start":{"line":52,"column":4},"end":{"line":55,"column":5}},{"start":{"line":52,"column":4},"end":{"line":55,"column":5}}],"line":52},"5":{"loc":{"start":{"line":52,"column":8},"end":{"line":52,"column":54}},"type":"binary-expr","locations":[{"start":{"line":52,"column":8},"end":{"line":52,"column":23}},{"start":{"line":52,"column":27},"end":{"line":52,"column":54}}],"line":52},"6":{"loc":{"start":{"line":64,"column":4},"end":{"line":71,"column":5}},"type":"if","locations":[{"start":{"line":64,"column":4},"end":{"line":71,"column":5}},{"start":{"line":64,"column":4},"end":{"line":71,"column":5}}],"line":64},"7":{"loc":{"start":{"line":64,"column":8},"end":{"line":64,"column":70}},"type":"binary-expr","locations":[{"start":{"line":64,"column":8},"end":{"line":64,"column":39}},{"start":{"line":64,"column":43},"end":{"line":64,"column":70}}],"line":64},"8":{"loc":{"start":{"line":72,"column":4},"end":{"line":79,"column":5}},"type":"if","locations":[{"start":{"line":72,"column":4},"end":{"line":79,"column":5}},{"start":{"line":72,"column":4},"end":{"line":79,"column":5}}],"line":72},"9":{"loc":{"start":{"line":72,"column":8},"end":{"line":72,"column":66}},"type":"binary-expr","locations":[{"start":{"line":72,"column":8},"end":{"line":72,"column":37}},{"start":{"line":72,"column":41},"end":{"line":72,"column":66}}],"line":72},"10":{"loc":{"start":{"line":80,"column":4},"end":{"line":87,"column":5}},"type":"if","locations":[{"start":{"line":80,"column":4},"end":{"line":87,"column":5}},{"start":{"line":80,"column":4},"end":{"line":87,"column":5}}],"line":80},"11":{"loc":{"start":{"line":80,"column":8},"end":{"line":80,"column":76}},"type":"binary-expr","locations":[{"start":{"line":80,"column":8},"end":{"line":80,"column":39}},{"start":{"line":80,"column":43},"end":{"line":80,"column":76}}],"line":80},"12":{"loc":{"start":{"line":89,"column":4},"end":{"line":109,"column":5}},"type":"if","locations":[{"start":{"line":89,"column":4},"end":{"line":109,"column":5}},{"start":{"line":89,"column":4},"end":{"line":109,"column":5}}],"line":89},"13":{"loc":{"start":{"line":89,"column":8},"end":{"line":90,"column":73}},"type":"binary-expr","locations":[{"start":{"line":89,"column":8},"end":{"line":89,"column":44}},{"start":{"line":89,"column":48},"end":{"line":89,"column":82}},{"start":{"line":90,"column":10},"end":{"line":90,"column":38}},{"start":{"line":90,"column":42},"end":{"line":90,"column":72}}],"line":89},"14":{"loc":{"start":{"line":137,"column":13},"end":{"line":137,"column":135}},"type":"cond-expr","locations":[{"start":{"line":137,"column":52},"end":{"line":137,"column":124}},{"start":{"line":137,"column":127},"end":{"line":137,"column":135}}],"line":137},"15":{"loc":{"start":{"line":158,"column":13},"end":{"line":158,"column":131}},"type":"cond-expr","locations":[{"start":{"line":158,"column":50},"end":{"line":158,"column":120}},{"start":{"line":158,"column":123},"end":{"line":158,"column":131}}],"line":158},"16":{"loc":{"start":{"line":162,"column":15},"end":{"line":179,"column":18}},"type":"binary-expr","locations":[{"start":{"line":162,"column":15},"end":{"line":162,"column":35}},{"start":{"line":162,"column":39},"end":{"line":162,"column":70}},{"start":{"line":163,"column":19},"end":{"line":179,"column":18}}],"line":162},"17":{"loc":{"start":{"line":164,"column":18},"end":{"line":168,"column":19}},"type":"if","locations":[{"start":{"line":164,"column":18},"end":{"line":168,"column":19}},{"start":{"line":164,"column":18},"end":{"line":168,"column":19}}],"line":164},"18":{"loc":{"start":{"line":171,"column":23},"end":{"line":176,"column":25}},"type":"cond-expr","locations":[{"start":{"line":172,"column":24},"end":{"line":173,"column":162}},{"start":{"line":175,"column":26},"end":{"line":175,"column":34}}],"line":171},"19":{"loc":{"start":{"line":181,"column":13},"end":{"line":181,"column":127}},"type":"cond-expr","locations":[{"start":{"line":181,"column":48},"end":{"line":181,"column":116}},{"start":{"line":181,"column":119},"end":{"line":181,"column":127}}],"line":181}},"s":{"0":1,"1":7,"2":7,"3":7,"4":6,"5":6,"6":1,"7":7,"8":7,"9":7,"10":7,"11":7,"12":7,"13":1,"14":1,"15":2,"16":1,"17":1,"18":1,"19":1,"20":1,"21":2,"22":1,"23":1,"24":1,"25":1,"26":1,"27":2,"28":1,"29":1,"30":1,"31":1,"32":1,"33":2,"34":1,"35":1,"36":1,"37":0,"38":1,"39":36,"40":1,"41":1,"42":150,"43":10,"44":140,"45":150,"46":1,"47":1},"f":{"0":7,"1":7,"2":7,"3":7,"4":1,"5":2,"6":0,"7":36,"8":1,"9":1,"10":150,"11":1},"b":{"0":[6,1],"1":[7,6,6,6,6],"2":[7,0],"3":[7,7,7,7,7],"4":[7,0],"5":[7,7],"6":[1,1],"7":[2,1],"8":[1,1],"9":[2,1],"10":[1,1],"11":[2,2],"12":[1,1],"13":[2,1,1,0],"14":[3,33],"15":[2,34],"16":[36,32,30],"17":[10,140],"18":[10,140],"19":[1,35]},"_coverageSchema":"332fd63041d2c1bcb487cc26dd0d5f7d97098a6c","hash":"f3f3220fd9b518c3876e60862043b4d472105a73"}
,"D:\\react_native\\todo-reactnative-master\\src\\modules\\screens\\Login\\LoginView.js": {"path":"D:\\react_native\\todo-reactnative-master\\src\\modules\\screens\\Login\\LoginView.js","statementMap":{"0":{"start":{"line":17,"column":4},"end":{"line":17,"column":17}},"1":{"start":{"line":18,"column":4},"end":{"line":22,"column":5}},"2":{"start":{"line":26,"column":4},"end":{"line":30,"column":5}},"3":{"start":{"line":27,"column":6},"end":{"line":29,"column":7}},"4":{"start":{"line":28,"column":8},"end":{"line":28,"column":71}},"5":{"start":{"line":34,"column":4},"end":{"line":40,"column":5}},"6":{"start":{"line":35,"column":6},"end":{"line":35,"column":49}},"7":{"start":{"line":36,"column":6},"end":{"line":36,"column":56}},"8":{"start":{"line":38,"column":6},"end":{"line":38,"column":32}},"9":{"start":{"line":39,"column":6},"end":{"line":39,"column":39}},"10":{"start":{"line":42,"column":4},"end":{"line":49,"column":5}},"11":{"start":{"line":43,"column":22},"end":{"line":45,"column":7}},"12":{"start":{"line":46,"column":6},"end":{"line":46,"column":65}},"13":{"start":{"line":48,"column":6},"end":{"line":48,"column":26}},"14":{"start":{"line":54,"column":4},"end":{"line":95,"column":5}},"15":{"start":{"line":55,"column":6},"end":{"line":55,"column":56}},"16":{"start":{"line":57,"column":6},"end":{"line":94,"column":8}},"17":{"start":{"line":76,"column":22},"end":{"line":76,"column":52}}},"fnMap":{"0":{"name":"(anonymous_0)","decl":{"start":{"line":16,"column":2},"end":{"line":16,"column":3}},"loc":{"start":{"line":16,"column":21},"end":{"line":23,"column":3}},"line":16},"1":{"name":"(anonymous_1)","decl":{"start":{"line":25,"column":2},"end":{"line":25,"column":3}},"loc":{"start":{"line":25,"column":23},"end":{"line":31,"column":3}},"line":25},"2":{"name":"(anonymous_2)","decl":{"start":{"line":33,"column":10},"end":{"line":33,"column":11}},"loc":{"start":{"line":33,"column":16},"end":{"line":50,"column":3}},"line":33},"3":{"name":"(anonymous_3)","decl":{"start":{"line":53,"column":2},"end":{"line":53,"column":3}},"loc":{"start":{"line":53,"column":11},"end":{"line":96,"column":3}},"line":53},"4":{"name":"(anonymous_4)","decl":{"start":{"line":75,"column":34},"end":{"line":75,"column":35}},"loc":{"start":{"line":75,"column":44},"end":{"line":77,"column":21}},"line":75}},"branchMap":{"0":{"loc":{"start":{"line":21,"column":16},"end":{"line":21,"column":56}},"type":"cond-expr","locations":[{"start":{"line":21,"column":40},"end":{"line":21,"column":49}},{"start":{"line":21,"column":52},"end":{"line":21,"column":56}}],"line":21},"1":{"loc":{"start":{"line":26,"column":4},"end":{"line":30,"column":5}},"type":"if","locations":[{"start":{"line":26,"column":4},"end":{"line":30,"column":5}},{"start":{"line":26,"column":4},"end":{"line":30,"column":5}}],"line":26},"2":{"loc":{"start":{"line":27,"column":6},"end":{"line":29,"column":7}},"type":"if","locations":[{"start":{"line":27,"column":6},"end":{"line":29,"column":7}},{"start":{"line":27,"column":6},"end":{"line":29,"column":7}}],"line":27},"3":{"loc":{"start":{"line":27,"column":10},"end":{"line":27,"column":56}},"type":"binary-expr","locations":[{"start":{"line":27,"column":10},"end":{"line":27,"column":25}},{"start":{"line":27,"column":29},"end":{"line":27,"column":56}}],"line":27},"4":{"loc":{"start":{"line":34,"column":4},"end":{"line":40,"column":5}},"type":"if","locations":[{"start":{"line":34,"column":4},"end":{"line":40,"column":5}},{"start":{"line":34,"column":4},"end":{"line":40,"column":5}}],"line":34},"5":{"loc":{"start":{"line":34,"column":8},"end":{"line":34,"column":58}},"type":"binary-expr","locations":[{"start":{"line":34,"column":8},"end":{"line":34,"column":30}},{"start":{"line":34,"column":34},"end":{"line":34,"column":58}}],"line":34},"6":{"loc":{"start":{"line":42,"column":4},"end":{"line":49,"column":5}},"type":"if","locations":[{"start":{"line":42,"column":4},"end":{"line":49,"column":5}},{"start":{"line":42,"column":4},"end":{"line":49,"column":5}}],"line":42},"7":{"loc":{"start":{"line":42,"column":8},"end":{"line":42,"column":68}},"type":"binary-expr","locations":[{"start":{"line":42,"column":8},"end":{"line":42,"column":35}},{"start":{"line":42,"column":39},"end":{"line":42,"column":68}}],"line":42},"8":{"loc":{"start":{"line":54,"column":4},"end":{"line":95,"column":5}},"type":"if","locations":[{"start":{"line":54,"column":4},"end":{"line":95,"column":5}},{"start":{"line":54,"column":4},"end":{"line":95,"column":5}}],"line":54},"9":{"loc":{"start":{"line":85,"column":17},"end":{"line":85,"column":129}},"type":"cond-expr","locations":[{"start":{"line":85,"column":51},"end":{"line":85,"column":118}},{"start":{"line":85,"column":121},"end":{"line":85,"column":129}}],"line":85}},"s":{"0":6,"1":6,"2":6,"3":6,"4":6,"5":3,"6":1,"7":1,"8":2,"9":2,"10":3,"11":2,"12":2,"13":1,"14":20,"15":2,"16":18,"17":1},"f":{"0":6,"1":6,"2":3,"3":20,"4":1},"b":{"0":[6,0],"1":[6,0],"2":[6,0],"3":[6,6],"4":[1,2],"5":[3,2],"6":[2,1],"7":[3,1],"8":[2,18],"9":[2,16]},"_coverageSchema":"332fd63041d2c1bcb487cc26dd0d5f7d97098a6c","hash":"67c5562094a47577d2066f189b541c1bb41a7b47"}
,"D:\\react_native\\todo-reactnative-master\\src\\modules\\screens\\Profile\\ProfileView.js": {"path":"D:\\react_native\\todo-reactnative-master\\src\\modules\\screens\\Profile\\ProfileView.js","statementMap":{"0":{"start":{"line":16,"column":4},"end":{"line":16,"column":17}},"1":{"start":{"line":17,"column":4},"end":{"line":19,"column":5}},"2":{"start":{"line":23,"column":4},"end":{"line":26,"column":5}},"3":{"start":{"line":24,"column":17},"end":{"line":24,"column":44}},"4":{"start":{"line":25,"column":6},"end":{"line":25,"column":41}},"5":{"start":{"line":30,"column":4},"end":{"line":43,"column":6}},"6":{"start":{"line":40,"column":27},"end":{"line":40,"column":75}}},"fnMap":{"0":{"name":"(anonymous_0)","decl":{"start":{"line":15,"column":2},"end":{"line":15,"column":3}},"loc":{"start":{"line":15,"column":21},"end":{"line":20,"column":3}},"line":15},"1":{"name":"(anonymous_1)","decl":{"start":{"line":22,"column":2},"end":{"line":22,"column":3}},"loc":{"start":{"line":22,"column":23},"end":{"line":27,"column":3}},"line":22},"2":{"name":"(anonymous_2)","decl":{"start":{"line":29,"column":2},"end":{"line":29,"column":3}},"loc":{"start":{"line":29,"column":11},"end":{"line":44,"column":3}},"line":29},"3":{"name":"(anonymous_3)","decl":{"start":{"line":40,"column":21},"end":{"line":40,"column":22}},"loc":{"start":{"line":40,"column":27},"end":{"line":40,"column":75}},"line":40}},"branchMap":{"0":{"loc":{"start":{"line":23,"column":4},"end":{"line":26,"column":5}},"type":"if","locations":[{"start":{"line":23,"column":4},"end":{"line":26,"column":5}},{"start":{"line":23,"column":4},"end":{"line":26,"column":5}}],"line":23},"1":{"loc":{"start":{"line":23,"column":8},"end":{"line":23,"column":54}},"type":"binary-expr","locations":[{"start":{"line":23,"column":8},"end":{"line":23,"column":23}},{"start":{"line":23,"column":27},"end":{"line":23,"column":54}}],"line":23},"2":{"loc":{"start":{"line":32,"column":33},"end":{"line":32,"column":100}},"type":"cond-expr","locations":[{"start":{"line":32,"column":58},"end":{"line":32,"column":85}},{"start":{"line":32,"column":88},"end":{"line":32,"column":100}}],"line":32}},"s":{"0":2,"1":2,"2":2,"3":2,"4":2,"5":6,"6":1},"f":{"0":2,"1":2,"2":6,"3":1},"b":{"0":[2,0],"1":[2,2],"2":[6,0]},"_coverageSchema":"332fd63041d2c1bcb487cc26dd0d5f7d97098a6c","hash":"2500d206731efc28f0fc5e40984a2e16898629cd"}
,"D:\\react_native\\todo-reactnative-master\\src\\modules\\screens\\Todo\\TodoView.js": {"path":"D:\\react_native\\todo-reactnative-master\\src\\modules\\screens\\Todo\\TodoView.js","statementMap":{"0":{"start":{"line":18,"column":4},"end":{"line":18,"column":17}},"1":{"start":{"line":19,"column":13},"end":{"line":19,"column":78}},"2":{"start":{"line":19,"column":66},"end":{"line":19,"column":75}},"3":{"start":{"line":20,"column":4},"end":{"line":25,"column":5}},"4":{"start":{"line":29,"column":4},"end":{"line":37,"column":5}},"5":{"start":{"line":30,"column":17},"end":{"line":30,"column":44}},"6":{"start":{"line":31,"column":17},"end":{"line":31,"column":44}},"7":{"start":{"line":33,"column":6},"end":{"line":33,"column":38}},"8":{"start":{"line":34,"column":6},"end":{"line":34,"column":45}},"9":{"start":{"line":35,"column":6},"end":{"line":35,"column":64}},"10":{"start":{"line":36,"column":6},"end":{"line":36,"column":79}},"11":{"start":{"line":41,"column":4},"end":{"line":45,"column":5}},"12":{"start":{"line":43,"column":21},"end":{"line":43,"column":47}},"13":{"start":{"line":44,"column":6},"end":{"line":44,"column":83}},"14":{"start":{"line":49,"column":4},"end":{"line":111,"column":5}},"15":{"start":{"line":50,"column":26},"end":{"line":66,"column":8}},"16":{"start":{"line":55,"column":10},"end":{"line":63,"column":11}},"17":{"start":{"line":59,"column":47},"end":{"line":59,"column":76}},"18":{"start":{"line":60,"column":43},"end":{"line":60,"column":134}},"19":{"start":{"line":68,"column":25},"end":{"line":84,"column":8}},"20":{"start":{"line":73,"column":10},"end":{"line":81,"column":11}},"21":{"start":{"line":77,"column":47},"end":{"line":77,"column":68}},"22":{"start":{"line":78,"column":43},"end":{"line":78,"column":136}},"23":{"start":{"line":85,"column":18},"end":{"line":85,"column":57}},"24":{"start":{"line":86,"column":21},"end":{"line":86,"column":74}},"25":{"start":{"line":87,"column":22},"end":{"line":87,"column":76}},"26":{"start":{"line":89,"column":6},"end":{"line":97,"column":7}},"27":{"start":{"line":90,"column":8},"end":{"line":90,"column":31}},"28":{"start":{"line":91,"column":13},"end":{"line":97,"column":7}},"29":{"start":{"line":92,"column":8},"end":{"line":92,"column":34}},"30":{"start":{"line":93,"column":13},"end":{"line":97,"column":7}},"31":{"start":{"line":94,"column":8},"end":{"line":94,"column":35}},"32":{"start":{"line":96,"column":8},"end":{"line":96,"column":36}},"33":{"start":{"line":98,"column":6},"end":{"line":110,"column":8}},"34":{"start":{"line":115,"column":4},"end":{"line":124,"column":6}},"35":{"start":{"line":130,"column":15},"end":{"line":163,"column":2}}},"fnMap":{"0":{"name":"(anonymous_0)","decl":{"start":{"line":17,"column":2},"end":{"line":17,"column":3}},"loc":{"start":{"line":17,"column":21},"end":{"line":26,"column":3}},"line":17},"1":{"name":"(anonymous_1)","decl":{"start":{"line":19,"column":54},"end":{"line":19,"column":55}},"loc":{"start":{"line":19,"column":66},"end":{"line":19,"column":75}},"line":19},"2":{"name":"(anonymous_2)","decl":{"start":{"line":28,"column":2},"end":{"line":28,"column":3}},"loc":{"start":{"line":28,"column":23},"end":{"line":38,"column":3}},"line":28},"3":{"name":"(anonymous_3)","decl":{"start":{"line":40,"column":2},"end":{"line":40,"column":3}},"loc":{"start":{"line":40,"column":39},"end":{"line":46,"column":3}},"line":40},"4":{"name":"(anonymous_4)","decl":{"start":{"line":48,"column":14},"end":{"line":48,"column":15}},"loc":{"start":{"line":48,"column":24},"end":{"line":112,"column":3}},"line":48},"5":{"name":"(anonymous_5)","decl":{"start":{"line":54,"column":17},"end":{"line":54,"column":18}},"loc":{"start":{"line":54,"column":23},"end":{"line":64,"column":9}},"line":54},"6":{"name":"(anonymous_6)","decl":{"start":{"line":59,"column":41},"end":{"line":59,"column":42}},"loc":{"start":{"line":59,"column":47},"end":{"line":59,"column":76}},"line":59},"7":{"name":"(anonymous_7)","decl":{"start":{"line":60,"column":37},"end":{"line":60,"column":38}},"loc":{"start":{"line":60,"column":43},"end":{"line":60,"column":134}},"line":60},"8":{"name":"(anonymous_8)","decl":{"start":{"line":72,"column":17},"end":{"line":72,"column":18}},"loc":{"start":{"line":72,"column":23},"end":{"line":82,"column":9}},"line":72},"9":{"name":"(anonymous_9)","decl":{"start":{"line":77,"column":41},"end":{"line":77,"column":42}},"loc":{"start":{"line":77,"column":47},"end":{"line":77,"column":68}},"line":77},"10":{"name":"(anonymous_10)","decl":{"start":{"line":78,"column":37},"end":{"line":78,"column":38}},"loc":{"start":{"line":78,"column":43},"end":{"line":78,"column":136}},"line":78},"11":{"name":"(anonymous_11)","decl":{"start":{"line":114,"column":2},"end":{"line":114,"column":3}},"loc":{"start":{"line":114,"column":11},"end":{"line":125,"column":3}},"line":114}},"branchMap":{"0":{"loc":{"start":{"line":29,"column":4},"end":{"line":37,"column":5}},"type":"if","locations":[{"start":{"line":29,"column":4},"end":{"line":37,"column":5}},{"start":{"line":29,"column":4},"end":{"line":37,"column":5}}],"line":29},"1":{"loc":{"start":{"line":29,"column":8},"end":{"line":29,"column":54}},"type":"binary-expr","locations":[{"start":{"line":29,"column":8},"end":{"line":29,"column":23}},{"start":{"line":29,"column":27},"end":{"line":29,"column":54}}],"line":29},"2":{"loc":{"start":{"line":41,"column":4},"end":{"line":45,"column":5}},"type":"if","locations":[{"start":{"line":41,"column":4},"end":{"line":45,"column":5}},{"start":{"line":41,"column":4},"end":{"line":45,"column":5}}],"line":41},"3":{"loc":{"start":{"line":41,"column":8},"end":{"line":42,"column":63}},"type":"binary-expr","locations":[{"start":{"line":41,"column":8},"end":{"line":41,"column":42}},{"start":{"line":41,"column":46},"end":{"line":41,"column":67}},{"start":{"line":42,"column":6},"end":{"line":42,"column":29}},{"start":{"line":42,"column":33},"end":{"line":42,"column":63}}],"line":41},"4":{"loc":{"start":{"line":49,"column":4},"end":{"line":111,"column":5}},"type":"if","locations":[{"start":{"line":49,"column":4},"end":{"line":111,"column":5}},{"start":{"line":49,"column":4},"end":{"line":111,"column":5}}],"line":49},"5":{"loc":{"start":{"line":49,"column":8},"end":{"line":49,"column":58}},"type":"binary-expr","locations":[{"start":{"line":49,"column":8},"end":{"line":49,"column":19}},{"start":{"line":49,"column":23},"end":{"line":49,"column":36}},{"start":{"line":49,"column":40},"end":{"line":49,"column":58}}],"line":49},"6":{"loc":{"start":{"line":89,"column":6},"end":{"line":97,"column":7}},"type":"if","locations":[{"start":{"line":89,"column":6},"end":{"line":97,"column":7}},{"start":{"line":89,"column":6},"end":{"line":97,"column":7}}],"line":89},"7":{"loc":{"start":{"line":91,"column":13},"end":{"line":97,"column":7}},"type":"if","locations":[{"start":{"line":91,"column":13},"end":{"line":97,"column":7}},{"start":{"line":91,"column":13},"end":{"line":97,"column":7}}],"line":91},"8":{"loc":{"start":{"line":93,"column":13},"end":{"line":97,"column":7}},"type":"if","locations":[{"start":{"line":93,"column":13},"end":{"line":97,"column":7}},{"start":{"line":93,"column":13},"end":{"line":97,"column":7}}],"line":93},"9":{"loc":{"start":{"line":104,"column":29},"end":{"line":104,"column":89}},"type":"cond-expr","locations":[{"start":{"line":104,"column":54},"end":{"line":104,"column":71}},{"start":{"line":104,"column":74},"end":{"line":104,"column":89}}],"line":104},"10":{"loc":{"start":{"line":105,"column":29},"end":{"line":105,"column":83}},"type":"cond-expr","locations":[{"start":{"line":105,"column":54},"end":{"line":105,"column":69}},{"start":{"line":105,"column":72},"end":{"line":105,"column":83}}],"line":105}},"s":{"0":8,"1":8,"2":1,"3":8,"4":8,"5":7,"6":7,"7":7,"8":7,"9":7,"10":7,"11":8,"12":1,"13":1,"14":6,"15":5,"16":1,"17":0,"18":0,"19":5,"20":2,"21":0,"22":0,"23":5,"24":5,"25":5,"26":5,"27":2,"28":3,"29":0,"30":3,"31":0,"32":3,"33":5,"34":24,"35":1},"f":{"0":8,"1":1,"2":8,"3":8,"4":6,"5":1,"6":0,"7":0,"8":2,"9":0,"10":0,"11":24},"b":{"0":[7,1],"1":[8,7],"2":[1,7],"3":[8,1,1,1],"4":[5,1],"5":[6,6,6],"6":[2,3],"7":[0,3],"8":[0,3],"9":[0,5],"10":[0,5]},"_coverageSchema":"332fd63041d2c1bcb487cc26dd0d5f7d97098a6c","hash":"d7cc69c992292c8412b3243c6f04c69ded7c87df"}
,"D:\\react_native\\todo-reactnative-master\\src\\modules\\session\\SessionState.js": {"path":"D:\\react_native\\todo-reactnative-master\\src\\modules\\session\\SessionState.js","statementMap":{"0":{"start":{"line":3,"column":27},"end":{"line":3,"column":47}},"1":{"start":{"line":4,"column":32},"end":{"line":4,"column":57}},"2":{"start":{"line":6,"column":21},"end":{"line":6,"column":42}},"3":{"start":{"line":9,"column":2},"end":{"line":12,"column":4}},"4":{"start":{"line":16,"column":2},"end":{"line":18,"column":4}},"5":{"start":{"line":23,"column":2},"end":{"line":30,"column":3}},"6":{"start":{"line":26,"column":6},"end":{"line":26,"column":40}},"7":{"start":{"line":29,"column":6},"end":{"line":29,"column":19}}},"fnMap":{"0":{"name":"resetSessionStateFromSnapshot","decl":{"start":{"line":8,"column":16},"end":{"line":8,"column":45}},"loc":{"start":{"line":8,"column":53},"end":{"line":13,"column":1}},"line":8},"1":{"name":"initializeSessionState","decl":{"start":{"line":15,"column":16},"end":{"line":15,"column":38}},"loc":{"start":{"line":15,"column":41},"end":{"line":19,"column":1}},"line":15},"2":{"name":"SessionStateReducer","decl":{"start":{"line":22,"column":24},"end":{"line":22,"column":43}},"loc":{"start":{"line":22,"column":79},"end":{"line":31,"column":1}},"line":22}},"branchMap":{"0":{"loc":{"start":{"line":22,"column":44},"end":{"line":22,"column":64}},"type":"default-arg","locations":[{"start":{"line":22,"column":52},"end":{"line":22,"column":64}}],"line":22},"1":{"loc":{"start":{"line":22,"column":66},"end":{"line":22,"column":77}},"type":"default-arg","locations":[{"start":{"line":22,"column":75},"end":{"line":22,"column":77}}],"line":22},"2":{"loc":{"start":{"line":23,"column":2},"end":{"line":30,"column":3}},"type":"switch","locations":[{"start":{"line":24,"column":4},"end":{"line":24,"column":26}},{"start":{"line":25,"column":4},"end":{"line":26,"column":40}},{"start":{"line":28,"column":4},"end":{"line":29,"column":19}}],"line":23}},"s":{"0":4,"1":4,"2":4,"3":0,"4":0,"5":31,"6":0,"7":31},"f":{"0":0,"1":0,"2":31},"b":{"0":[4],"1":[0],"2":[0,0,31]},"_coverageSchema":"332fd63041d2c1bcb487cc26dd0d5f7d97098a6c","hash":"f9b2c2df254eb47b45a5b672c4f653469508852e"}
,"D:\\react_native\\todo-reactnative-master\\src\\redux\\AuthService.js": {"path":"D:\\react_native\\todo-reactnative-master\\src\\redux\\AuthService.js","statementMap":{"0":{"start":{"line":14,"column":12},"end":{"line":14,"column":28}},"1":{"start":{"line":15,"column":20},"end":{"line":23,"column":1}},"2":{"start":{"line":24,"column":19},"end":{"line":35,"column":1}},"3":{"start":{"line":36,"column":19},"end":{"line":45,"column":1}},"4":{"start":{"line":46,"column":12},"end":{"line":46,"column":110}},"5":{"start":{"line":47,"column":12},"end":{"line":47,"column":33}},"6":{"start":{"line":48,"column":13},"end":{"line":48,"column":36}},"7":{"start":{"line":49,"column":12},"end":{"line":49,"column":33}},"8":{"start":{"line":52,"column":19},"end":{"line":52,"column":31}},"9":{"start":{"line":53,"column":30},"end":{"line":53,"column":53}},"10":{"start":{"line":54,"column":27},"end":{"line":54,"column":47}},"11":{"start":{"line":55,"column":25},"end":{"line":55,"column":43}},"12":{"start":{"line":56,"column":22},"end":{"line":56,"column":37}},"13":{"start":{"line":57,"column":31},"end":{"line":57,"column":55}},"14":{"start":{"line":58,"column":20},"end":{"line":58,"column":33}},"15":{"start":{"line":59,"column":30},"end":{"line":59,"column":53}},"16":{"start":{"line":60,"column":30},"end":{"line":60,"column":53}},"17":{"start":{"line":61,"column":29},"end":{"line":61,"column":51}},"18":{"start":{"line":62,"column":29},"end":{"line":62,"column":51}},"19":{"start":{"line":63,"column":29},"end":{"line":63,"column":51}},"20":{"start":{"line":64,"column":29},"end":{"line":64,"column":51}},"21":{"start":{"line":65,"column":29},"end":{"line":65,"column":51}},"22":{"start":{"line":66,"column":26},"end":{"line":66,"column":45}},"23":{"start":{"line":67,"column":28},"end":{"line":67,"column":49}},"24":{"start":{"line":68,"column":28},"end":{"line":68,"column":49}},"25":{"start":{"line":71,"column":25},"end":{"line":71,"column":74}},"26":{"start":{"line":71,"column":37},"end":{"line":71,"column":73}},"27":{"start":{"line":72,"column":30},"end":{"line":75,"column":2}},"28":{"start":{"line":72,"column":42},"end":{"line":75,"column":1}},"29":{"start":{"line":76,"column":27},"end":{"line":78,"column":2}},"30":{"start":{"line":76,"column":34},"end":{"line":78,"column":1}},"31":{"start":{"line":81,"column":28},"end":{"line":84,"column":2}},"32":{"start":{"line":81,"column":40},"end":{"line":84,"column":1}},"33":{"start":{"line":85,"column":25},"end":{"line":88,"column":2}},"34":{"start":{"line":85,"column":37},"end":{"line":88,"column":1}},"35":{"start":{"line":89,"column":29},"end":{"line":92,"column":2}},"36":{"start":{"line":89,"column":41},"end":{"line":92,"column":1}},"37":{"start":{"line":95,"column":32},"end":{"line":98,"column":2}},"38":{"start":{"line":95,"column":44},"end":{"line":98,"column":1}},"39":{"start":{"line":99,"column":29},"end":{"line":102,"column":2}},"40":{"start":{"line":99,"column":41},"end":{"line":102,"column":1}},"41":{"start":{"line":105,"column":34},"end":{"line":108,"column":2}},"42":{"start":{"line":105,"column":46},"end":{"line":108,"column":1}},"43":{"start":{"line":109,"column":31},"end":{"line":112,"column":2}},"44":{"start":{"line":109,"column":43},"end":{"line":112,"column":1}},"45":{"start":{"line":114,"column":34},"end":{"line":117,"column":2}},"46":{"start":{"line":114,"column":46},"end":{"line":117,"column":1}},"47":{"start":{"line":118,"column":31},"end":{"line":121,"column":2}},"48":{"start":{"line":118,"column":43},"end":{"line":121,"column":1}},"49":{"start":{"line":123,"column":35},"end":{"line":126,"column":2}},"50":{"start":{"line":123,"column":47},"end":{"line":126,"column":1}},"51":{"start":{"line":128,"column":32},"end":{"line":131,"column":2}},"52":{"start":{"line":128,"column":44},"end":{"line":131,"column":1}},"53":{"start":{"line":133,"column":33},"end":{"line":136,"column":2}},"54":{"start":{"line":133,"column":45},"end":{"line":136,"column":1}},"55":{"start":{"line":137,"column":30},"end":{"line":140,"column":2}},"56":{"start":{"line":137,"column":42},"end":{"line":140,"column":1}},"57":{"start":{"line":143,"column":23},"end":{"line":153,"column":1}},"58":{"start":{"line":144,"column":2},"end":{"line":152,"column":4}},"59":{"start":{"line":145,"column":24},"end":{"line":149,"column":6}},"60":{"start":{"line":150,"column":4},"end":{"line":150,"column":43}},"61":{"start":{"line":151,"column":4},"end":{"line":151,"column":31}},"62":{"start":{"line":156,"column":16},"end":{"line":156,"column":18}},"63":{"start":{"line":157,"column":2},"end":{"line":163,"column":3}},"64":{"start":{"line":158,"column":17},"end":{"line":158,"column":33}},"65":{"start":{"line":159,"column":4},"end":{"line":159,"column":100}},"66":{"start":{"line":159,"column":24},"end":{"line":159,"column":96}},"67":{"start":{"line":160,"column":4},"end":{"line":160,"column":51}},"68":{"start":{"line":160,"column":29},"end":{"line":160,"column":47}},"69":{"start":{"line":162,"column":4},"end":{"line":162,"column":41}},"70":{"start":{"line":164,"column":2},"end":{"line":164,"column":17}},"71":{"start":{"line":168,"column":16},"end":{"line":168,"column":18}},"72":{"start":{"line":168,"column":31},"end":{"line":168,"column":33}},"73":{"start":{"line":169,"column":2},"end":{"line":176,"column":3}},"74":{"start":{"line":170,"column":4},"end":{"line":170,"column":51}},"75":{"start":{"line":170,"column":29},"end":{"line":170,"column":47}},"76":{"start":{"line":171,"column":4},"end":{"line":173,"column":5}},"77":{"start":{"line":172,"column":6},"end":{"line":172,"column":41}},"78":{"start":{"line":175,"column":4},"end":{"line":175,"column":41}},"79":{"start":{"line":177,"column":2},"end":{"line":177,"column":18}},"80":{"start":{"line":181,"column":25},"end":{"line":206,"column":1}},"81":{"start":{"line":182,"column":2},"end":{"line":205,"column":4}},"82":{"start":{"line":183,"column":19},"end":{"line":183,"column":21}},"83":{"start":{"line":184,"column":4},"end":{"line":184,"column":30}},"84":{"start":{"line":185,"column":16},"end":{"line":185,"column":35}},"85":{"start":{"line":186,"column":4},"end":{"line":186,"column":36}},"86":{"start":{"line":187,"column":4},"end":{"line":203,"column":5}},"87":{"start":{"line":188,"column":17},"end":{"line":188,"column":34}},"88":{"start":{"line":189,"column":18},"end":{"line":189,"column":63}},"89":{"start":{"line":189,"column":32},"end":{"line":189,"column":38}},"90":{"start":{"line":190,"column":6},"end":{"line":198,"column":7}},"91":{"start":{"line":191,"column":19},"end":{"line":191,"column":30}},"92":{"start":{"line":192,"column":8},"end":{"line":192,"column":37}},"93":{"start":{"line":193,"column":8},"end":{"line":193,"column":50}},"94":{"start":{"line":195,"column":8},"end":{"line":195,"column":39}},"95":{"start":{"line":196,"column":8},"end":{"line":196,"column":43}},"96":{"start":{"line":197,"column":8},"end":{"line":197,"column":46}},"97":{"start":{"line":200,"column":6},"end":{"line":200,"column":37}},"98":{"start":{"line":201,"column":6},"end":{"line":201,"column":41}},"99":{"start":{"line":202,"column":6},"end":{"line":202,"column":44}},"100":{"start":{"line":204,"column":4},"end":{"line":204,"column":31}},"101":{"start":{"line":208,"column":26},"end":{"line":213,"column":1}},"102":{"start":{"line":209,"column":2},"end":{"line":212,"column":3}},"103":{"start":{"line":210,"column":4},"end":{"line":210,"column":32}},"104":{"start":{"line":211,"column":4},"end":{"line":211,"column":49}},"105":{"start":{"line":215,"column":28},"end":{"line":234,"column":1}},"106":{"start":{"line":216,"column":2},"end":{"line":233,"column":4}},"107":{"start":{"line":217,"column":4},"end":{"line":217,"column":30}},"108":{"start":{"line":218,"column":4},"end":{"line":232,"column":5}},"109":{"start":{"line":219,"column":6},"end":{"line":225,"column":9}},"110":{"start":{"line":220,"column":8},"end":{"line":220,"column":69}},"111":{"start":{"line":221,"column":8},"end":{"line":221,"column":69}},"112":{"start":{"line":222,"column":8},"end":{"line":222,"column":69}},"113":{"start":{"line":223,"column":8},"end":{"line":223,"column":69}},"114":{"start":{"line":224,"column":8},"end":{"line":224,"column":69}},"115":{"start":{"line":226,"column":21},"end":{"line":226,"column":23}},"116":{"start":{"line":227,"column":6},"end":{"line":227,"column":57}},"117":{"start":{"line":227,"column":33},"end":{"line":227,"column":53}},"118":{"start":{"line":228,"column":6},"end":{"line":228,"column":43}},"119":{"start":{"line":229,"column":6},"end":{"line":229,"column":33}},"120":{"start":{"line":231,"column":6},"end":{"line":231,"column":33}},"121":{"start":{"line":236,"column":27},"end":{"line":253,"column":1}},"122":{"start":{"line":237,"column":2},"end":{"line":252,"column":4}},"123":{"start":{"line":238,"column":4},"end":{"line":238,"column":30}},"124":{"start":{"line":239,"column":4},"end":{"line":250,"column":5}},"125":{"start":{"line":240,"column":24},"end":{"line":240,"column":95}},"126":{"start":{"line":241,"column":21},"end":{"line":241,"column":41}},"127":{"start":{"line":242,"column":6},"end":{"line":242,"column":55}},"128":{"start":{"line":243,"column":6},"end":{"line":247,"column":7}},"129":{"start":{"line":244,"column":8},"end":{"line":244,"column":47}},"130":{"start":{"line":246,"column":8},"end":{"line":246,"column":38}},"131":{"start":{"line":249,"column":6},"end":{"line":249,"column":36}},"132":{"start":{"line":251,"column":4},"end":{"line":251,"column":31}},"133":{"start":{"line":256,"column":2},"end":{"line":275,"column":3}},"134":{"start":{"line":257,"column":17},"end":{"line":257,"column":33}},"135":{"start":{"line":258,"column":4},"end":{"line":271,"column":7}},"136":{"start":{"line":259,"column":23},"end":{"line":265,"column":14}},"137":{"start":{"line":267,"column":17},"end":{"line":269,"column":14}},"138":{"start":{"line":270,"column":6},"end":{"line":270,"column":34}},"139":{"start":{"line":272,"column":4},"end":{"line":272,"column":16}},"140":{"start":{"line":274,"column":4},"end":{"line":274,"column":17}},"141":{"start":{"line":278,"column":28},"end":{"line":296,"column":1}},"142":{"start":{"line":279,"column":2},"end":{"line":295,"column":3}},"143":{"start":{"line":280,"column":4},"end":{"line":280,"column":30}},"144":{"start":{"line":281,"column":17},"end":{"line":281,"column":47}},"145":{"start":{"line":282,"column":4},"end":{"line":293,"column":5}},"146":{"start":{"line":283,"column":6},"end":{"line":283,"column":39}},"147":{"start":{"line":284,"column":26},"end":{"line":288,"column":8}},"148":{"start":{"line":289,"column":6},"end":{"line":289,"column":45}},"149":{"start":{"line":290,"column":6},"end":{"line":290,"column":33}},"150":{"start":{"line":292,"column":6},"end":{"line":292,"column":36}},"151":{"start":{"line":294,"column":4},"end":{"line":294,"column":31}},"152":{"start":{"line":298,"column":30},"end":{"line":327,"column":1}},"153":{"start":{"line":299,"column":2},"end":{"line":326,"column":3}},"154":{"start":{"line":300,"column":4},"end":{"line":300,"column":30}},"155":{"start":{"line":301,"column":15},"end":{"line":301,"column":67}},"156":{"start":{"line":302,"column":15},"end":{"line":302,"column":67}},"157":{"start":{"line":303,"column":14},"end":{"line":303,"column":16}},"158":{"start":{"line":304,"column":16},"end":{"line":304,"column":29}},"159":{"start":{"line":305,"column":4},"end":{"line":309,"column":6}},"160":{"start":{"line":306,"column":6},"end":{"line":308,"column":7}},"161":{"start":{"line":307,"column":8},"end":{"line":307,"column":23}},"162":{"start":{"line":311,"column":4},"end":{"line":313,"column":7}},"163":{"start":{"line":312,"column":6},"end":{"line":312,"column":74}},"164":{"start":{"line":314,"column":4},"end":{"line":325,"column":5}},"165":{"start":{"line":315,"column":6},"end":{"line":315,"column":38}},"166":{"start":{"line":316,"column":26},"end":{"line":320,"column":8}},"167":{"start":{"line":321,"column":6},"end":{"line":321,"column":45}},"168":{"start":{"line":322,"column":6},"end":{"line":322,"column":33}},"169":{"start":{"line":324,"column":6},"end":{"line":324,"column":35}},"170":{"start":{"line":329,"column":32},"end":{"line":353,"column":1}},"171":{"start":{"line":330,"column":2},"end":{"line":352,"column":3}},"172":{"start":{"line":331,"column":4},"end":{"line":331,"column":30}},"173":{"start":{"line":334,"column":4},"end":{"line":337,"column":7}},"174":{"start":{"line":336,"column":6},"end":{"line":336,"column":76}},"175":{"start":{"line":339,"column":4},"end":{"line":350,"column":5}},"176":{"start":{"line":340,"column":6},"end":{"line":340,"column":40}},"177":{"start":{"line":341,"column":26},"end":{"line":345,"column":8}},"178":{"start":{"line":346,"column":6},"end":{"line":346,"column":45}},"179":{"start":{"line":347,"column":6},"end":{"line":347,"column":33}},"180":{"start":{"line":349,"column":6},"end":{"line":349,"column":37}},"181":{"start":{"line":355,"column":21},"end":{"line":364,"column":2}},"182":{"start":{"line":368,"column":2},"end":{"line":422,"column":3}},"183":{"start":{"line":370,"column":6},"end":{"line":370,"column":51}},"184":{"start":{"line":373,"column":6},"end":{"line":373,"column":19}},"185":{"start":{"line":376,"column":6},"end":{"line":376,"column":71}},"186":{"start":{"line":379,"column":6},"end":{"line":379,"column":19}},"187":{"start":{"line":382,"column":6},"end":{"line":382,"column":60}},"188":{"start":{"line":385,"column":6},"end":{"line":385,"column":52}},"189":{"start":{"line":388,"column":6},"end":{"line":388,"column":19}},"190":{"start":{"line":391,"column":6},"end":{"line":391,"column":47}},"191":{"start":{"line":394,"column":6},"end":{"line":394,"column":19}},"192":{"start":{"line":397,"column":6},"end":{"line":397,"column":19}},"193":{"start":{"line":400,"column":6},"end":{"line":400,"column":19}},"194":{"start":{"line":403,"column":6},"end":{"line":403,"column":19}},"195":{"start":{"line":406,"column":6},"end":{"line":406,"column":19}},"196":{"start":{"line":409,"column":6},"end":{"line":409,"column":19}},"197":{"start":{"line":412,"column":6},"end":{"line":412,"column":19}},"198":{"start":{"line":415,"column":6},"end":{"line":415,"column":50}},"199":{"start":{"line":418,"column":6},"end":{"line":418,"column":19}},"200":{"start":{"line":421,"column":6},"end":{"line":421,"column":19}}},"fnMap":{"0":{"name":"(anonymous_0)","decl":{"start":{"line":71,"column":25},"end":{"line":71,"column":26}},"loc":{"start":{"line":71,"column":37},"end":{"line":71,"column":73}},"line":71},"1":{"name":"(anonymous_1)","decl":{"start":{"line":72,"column":30},"end":{"line":72,"column":31}},"loc":{"start":{"line":72,"column":42},"end":{"line":75,"column":1}},"line":72},"2":{"name":"(anonymous_2)","decl":{"start":{"line":76,"column":27},"end":{"line":76,"column":28}},"loc":{"start":{"line":76,"column":34},"end":{"line":78,"column":1}},"line":76},"3":{"name":"(anonymous_3)","decl":{"start":{"line":81,"column":28},"end":{"line":81,"column":29}},"loc":{"start":{"line":81,"column":40},"end":{"line":84,"column":1}},"line":81},"4":{"name":"(anonymous_4)","decl":{"start":{"line":85,"column":25},"end":{"line":85,"column":26}},"loc":{"start":{"line":85,"column":37},"end":{"line":88,"column":1}},"line":85},"5":{"name":"(anonymous_5)","decl":{"start":{"line":89,"column":29},"end":{"line":89,"column":30}},"loc":{"start":{"line":89,"column":41},"end":{"line":92,"column":1}},"line":89},"6":{"name":"(anonymous_6)","decl":{"start":{"line":95,"column":32},"end":{"line":95,"column":33}},"loc":{"start":{"line":95,"column":44},"end":{"line":98,"column":1}},"line":95},"7":{"name":"(anonymous_7)","decl":{"start":{"line":99,"column":29},"end":{"line":99,"column":30}},"loc":{"start":{"line":99,"column":41},"end":{"line":102,"column":1}},"line":99},"8":{"name":"(anonymous_8)","decl":{"start":{"line":105,"column":34},"end":{"line":105,"column":35}},"loc":{"start":{"line":105,"column":46},"end":{"line":108,"column":1}},"line":105},"9":{"name":"(anonymous_9)","decl":{"start":{"line":109,"column":31},"end":{"line":109,"column":32}},"loc":{"start":{"line":109,"column":43},"end":{"line":112,"column":1}},"line":109},"10":{"name":"(anonymous_10)","decl":{"start":{"line":114,"column":34},"end":{"line":114,"column":35}},"loc":{"start":{"line":114,"column":46},"end":{"line":117,"column":1}},"line":114},"11":{"name":"(anonymous_11)","decl":{"start":{"line":118,"column":31},"end":{"line":118,"column":32}},"loc":{"start":{"line":118,"column":43},"end":{"line":121,"column":1}},"line":118},"12":{"name":"(anonymous_12)","decl":{"start":{"line":123,"column":35},"end":{"line":123,"column":36}},"loc":{"start":{"line":123,"column":47},"end":{"line":126,"column":1}},"line":123},"13":{"name":"(anonymous_13)","decl":{"start":{"line":128,"column":32},"end":{"line":128,"column":33}},"loc":{"start":{"line":128,"column":44},"end":{"line":131,"column":1}},"line":128},"14":{"name":"(anonymous_14)","decl":{"start":{"line":133,"column":33},"end":{"line":133,"column":34}},"loc":{"start":{"line":133,"column":45},"end":{"line":136,"column":1}},"line":133},"15":{"name":"(anonymous_15)","decl":{"start":{"line":137,"column":30},"end":{"line":137,"column":31}},"loc":{"start":{"line":137,"column":42},"end":{"line":140,"column":1}},"line":137},"16":{"name":"(anonymous_16)","decl":{"start":{"line":143,"column":23},"end":{"line":143,"column":24}},"loc":{"start":{"line":143,"column":41},"end":{"line":153,"column":1}},"line":143},"17":{"name":"(anonymous_17)","decl":{"start":{"line":144,"column":9},"end":{"line":144,"column":10}},"loc":{"start":{"line":144,"column":29},"end":{"line":152,"column":3}},"line":144},"18":{"name":"setUsers","decl":{"start":{"line":155,"column":22},"end":{"line":155,"column":30}},"loc":{"start":{"line":155,"column":41},"end":{"line":165,"column":1}},"line":155},"19":{"name":"(anonymous_19)","decl":{"start":{"line":159,"column":16},"end":{"line":159,"column":17}},"loc":{"start":{"line":159,"column":22},"end":{"line":159,"column":98}},"line":159},"20":{"name":"(anonymous_20)","decl":{"start":{"line":160,"column":14},"end":{"line":160,"column":15}},"loc":{"start":{"line":160,"column":27},"end":{"line":160,"column":49}},"line":160},"21":{"name":"getUserList","decl":{"start":{"line":167,"column":22},"end":{"line":167,"column":33}},"loc":{"start":{"line":167,"column":36},"end":{"line":178,"column":1}},"line":167},"22":{"name":"(anonymous_22)","decl":{"start":{"line":170,"column":14},"end":{"line":170,"column":15}},"loc":{"start":{"line":170,"column":27},"end":{"line":170,"column":49}},"line":170},"23":{"name":"(anonymous_23)","decl":{"start":{"line":181,"column":25},"end":{"line":181,"column":26}},"loc":{"start":{"line":181,"column":47},"end":{"line":206,"column":1}},"line":181},"24":{"name":"(anonymous_24)","decl":{"start":{"line":182,"column":9},"end":{"line":182,"column":10}},"loc":{"start":{"line":182,"column":29},"end":{"line":205,"column":3}},"line":182},"25":{"name":"(anonymous_25)","decl":{"start":{"line":189,"column":27},"end":{"line":189,"column":28}},"loc":{"start":{"line":189,"column":32},"end":{"line":189,"column":38}},"line":189},"26":{"name":"(anonymous_26)","decl":{"start":{"line":208,"column":26},"end":{"line":208,"column":27}},"loc":{"start":{"line":208,"column":37},"end":{"line":213,"column":1}},"line":208},"27":{"name":"(anonymous_27)","decl":{"start":{"line":209,"column":9},"end":{"line":209,"column":10}},"loc":{"start":{"line":209,"column":29},"end":{"line":212,"column":3}},"line":209},"28":{"name":"(anonymous_28)","decl":{"start":{"line":215,"column":28},"end":{"line":215,"column":29}},"loc":{"start":{"line":215,"column":34},"end":{"line":234,"column":1}},"line":215},"29":{"name":"(anonymous_29)","decl":{"start":{"line":216,"column":9},"end":{"line":216,"column":10}},"loc":{"start":{"line":216,"column":29},"end":{"line":233,"column":3}},"line":216},"30":{"name":"(anonymous_30)","decl":{"start":{"line":219,"column":18},"end":{"line":219,"column":19}},"loc":{"start":{"line":219,"column":24},"end":{"line":225,"column":7}},"line":219},"31":{"name":"(anonymous_31)","decl":{"start":{"line":227,"column":17},"end":{"line":227,"column":18}},"loc":{"start":{"line":227,"column":31},"end":{"line":227,"column":55}},"line":227},"32":{"name":"(anonymous_32)","decl":{"start":{"line":236,"column":27},"end":{"line":236,"column":28}},"loc":{"start":{"line":236,"column":39},"end":{"line":253,"column":1}},"line":236},"33":{"name":"(anonymous_33)","decl":{"start":{"line":237,"column":9},"end":{"line":237,"column":10}},"loc":{"start":{"line":237,"column":29},"end":{"line":252,"column":3}},"line":237},"34":{"name":"setTodoList","decl":{"start":{"line":255,"column":22},"end":{"line":255,"column":33}},"loc":{"start":{"line":255,"column":44},"end":{"line":276,"column":1}},"line":255},"35":{"name":"(anonymous_35)","decl":{"start":{"line":258,"column":16},"end":{"line":258,"column":17}},"loc":{"start":{"line":258,"column":22},"end":{"line":271,"column":5}},"line":258},"36":{"name":"(anonymous_36)","decl":{"start":{"line":278,"column":28},"end":{"line":278,"column":29}},"loc":{"start":{"line":278,"column":52},"end":{"line":296,"column":1}},"line":278},"37":{"name":"(anonymous_37)","decl":{"start":{"line":279,"column":9},"end":{"line":279,"column":10}},"loc":{"start":{"line":279,"column":29},"end":{"line":295,"column":3}},"line":279},"38":{"name":"(anonymous_38)","decl":{"start":{"line":298,"column":30},"end":{"line":298,"column":31}},"loc":{"start":{"line":298,"column":57},"end":{"line":327,"column":1}},"line":298},"39":{"name":"(anonymous_39)","decl":{"start":{"line":299,"column":9},"end":{"line":299,"column":10}},"loc":{"start":{"line":299,"column":29},"end":{"line":326,"column":3}},"line":299},"40":{"name":"(anonymous_40)","decl":{"start":{"line":305,"column":14},"end":{"line":305,"column":15}},"loc":{"start":{"line":305,"column":22},"end":{"line":309,"column":5}},"line":305},"41":{"name":"(anonymous_41)","decl":{"start":{"line":311,"column":16},"end":{"line":311,"column":17}},"loc":{"start":{"line":311,"column":22},"end":{"line":313,"column":5}},"line":311},"42":{"name":"(anonymous_42)","decl":{"start":{"line":329,"column":32},"end":{"line":329,"column":33}},"loc":{"start":{"line":329,"column":59},"end":{"line":353,"column":1}},"line":329},"43":{"name":"(anonymous_43)","decl":{"start":{"line":330,"column":9},"end":{"line":330,"column":10}},"loc":{"start":{"line":330,"column":29},"end":{"line":352,"column":3}},"line":330},"44":{"name":"(anonymous_44)","decl":{"start":{"line":334,"column":16},"end":{"line":334,"column":17}},"loc":{"start":{"line":334,"column":22},"end":{"line":337,"column":5}},"line":334},"45":{"name":"AuthReducer","decl":{"start":{"line":367,"column":24},"end":{"line":367,"column":35}},"loc":{"start":{"line":367,"column":66},"end":{"line":423,"column":1}},"line":367}},"branchMap":{"0":{"loc":{"start":{"line":171,"column":4},"end":{"line":173,"column":5}},"type":"if","locations":[{"start":{"line":171,"column":4},"end":{"line":173,"column":5}},{"start":{"line":171,"column":4},"end":{"line":173,"column":5}}],"line":171},"1":{"loc":{"start":{"line":187,"column":4},"end":{"line":203,"column":5}},"type":"if","locations":[{"start":{"line":187,"column":4},"end":{"line":203,"column":5}},{"start":{"line":187,"column":4},"end":{"line":203,"column":5}}],"line":187},"2":{"loc":{"start":{"line":187,"column":8},"end":{"line":187,"column":77}},"type":"binary-expr","locations":[{"start":{"line":187,"column":8},"end":{"line":187,"column":13}},{"start":{"line":187,"column":17},"end":{"line":187,"column":34}},{"start":{"line":187,"column":38},"end":{"line":187,"column":52}},{"start":{"line":187,"column":56},"end":{"line":187,"column":77}}],"line":187},"3":{"loc":{"start":{"line":190,"column":6},"end":{"line":198,"column":7}},"type":"if","locations":[{"start":{"line":190,"column":6},"end":{"line":198,"column":7}},{"start":{"line":190,"column":6},"end":{"line":198,"column":7}}],"line":190},"4":{"loc":{"start":{"line":243,"column":6},"end":{"line":247,"column":7}},"type":"if","locations":[{"start":{"line":243,"column":6},"end":{"line":247,"column":7}},{"start":{"line":243,"column":6},"end":{"line":247,"column":7}}],"line":243},"5":{"loc":{"start":{"line":243,"column":10},"end":{"line":243,"column":46}},"type":"binary-expr","locations":[{"start":{"line":243,"column":10},"end":{"line":243,"column":27}},{"start":{"line":243,"column":31},"end":{"line":243,"column":46}}],"line":243},"6":{"loc":{"start":{"line":282,"column":4},"end":{"line":293,"column":5}},"type":"if","locations":[{"start":{"line":282,"column":4},"end":{"line":293,"column":5}},{"start":{"line":282,"column":4},"end":{"line":293,"column":5}}],"line":282},"7":{"loc":{"start":{"line":306,"column":6},"end":{"line":308,"column":7}},"type":"if","locations":[{"start":{"line":306,"column":6},"end":{"line":308,"column":7}},{"start":{"line":306,"column":6},"end":{"line":308,"column":7}}],"line":306},"8":{"loc":{"start":{"line":314,"column":4},"end":{"line":325,"column":5}},"type":"if","locations":[{"start":{"line":314,"column":4},"end":{"line":325,"column":5}},{"start":{"line":314,"column":4},"end":{"line":325,"column":5}}],"line":314},"9":{"loc":{"start":{"line":339,"column":4},"end":{"line":350,"column":5}},"type":"if","locations":[{"start":{"line":339,"column":4},"end":{"line":350,"column":5}},{"start":{"line":339,"column":4},"end":{"line":350,"column":5}}],"line":339},"10":{"loc":{"start":{"line":367,"column":36},"end":{"line":367,"column":56}},"type":"default-arg","locations":[{"start":{"line":367,"column":44},"end":{"line":367,"column":56}}],"line":367},"11":{"loc":{"start":{"line":368,"column":2},"end":{"line":422,"column":3}},"type":"switch","locations":[{"start":{"line":369,"column":4},"end":{"line":370,"column":51}},{"start":{"line":372,"column":4},"end":{"line":373,"column":19}},{"start":{"line":375,"column":4},"end":{"line":376,"column":71}},{"start":{"line":378,"column":4},"end":{"line":379,"column":19}},{"start":{"line":381,"column":4},"end":{"line":382,"column":60}},{"start":{"line":384,"column":4},"end":{"line":385,"column":52}},{"start":{"line":387,"column":4},"end":{"line":388,"column":19}},{"start":{"line":390,"column":4},"end":{"line":391,"column":47}},{"start":{"line":393,"column":4},"end":{"line":394,"column":19}},{"start":{"line":396,"column":4},"end":{"line":397,"column":19}},{"start":{"line":399,"column":4},"end":{"line":400,"column":19}},{"start":{"line":402,"column":4},"end":{"line":403,"column":19}},{"start":{"line":405,"column":4},"end":{"line":406,"column":19}},{"start":{"line":408,"column":4},"end":{"line":409,"column":19}},{"start":{"line":411,"column":4},"end":{"line":412,"column":19}},{"start":{"line":414,"column":4},"end":{"line":415,"column":50}},{"start":{"line":417,"column":4},"end":{"line":418,"column":19}},{"start":{"line":420,"column":4},"end":{"line":421,"column":19}}],"line":368}},"s":{"0":4,"1":4,"2":4,"3":4,"4":4,"5":4,"6":4,"7":4,"8":4,"9":4,"10":4,"11":4,"12":4,"13":4,"14":4,"15":4,"16":4,"17":4,"18":4,"19":4,"20":4,"21":4,"22":4,"23":4,"24":4,"25":4,"26":19,"27":4,"28":0,"29":4,"30":0,"31":4,"32":0,"33":4,"34":0,"35":4,"36":1,"37":4,"38":0,"39":4,"40":0,"41":4,"42":0,"43":4,"44":7,"45":4,"46":0,"47":4,"48":0,"49":4,"50":0,"51":4,"52":0,"53":4,"54":0,"55":4,"56":0,"57":4,"58":7,"59":7,"60":7,"61":0,"62":0,"63":0,"64":0,"65":0,"66":0,"67":0,"68":0,"69":0,"70":0,"71":2,"72":2,"73":2,"74":2,"75":4,"76":2,"77":2,"78":0,"79":2,"80":4,"81":2,"82":2,"83":2,"84":2,"85":0,"86":0,"87":0,"88":0,"89":0,"90":0,"91":0,"92":0,"93":0,"94":0,"95":0,"96":0,"97":0,"98":0,"99":0,"100":0,"101":4,"102":1,"103":1,"104":1,"105":4,"106":1,"107":1,"108":1,"109":1,"110":1,"111":0,"112":0,"113":0,"114":0,"115":0,"116":0,"117":0,"118":0,"119":0,"120":1,"121":4,"122":7,"123":7,"124":7,"125":7,"126":0,"127":0,"128":0,"129":0,"130":0,"131":7,"132":7,"133":1,"134":1,"135":1,"136":1,"137":1,"138":1,"139":1,"140":0,"141":4,"142":1,"143":1,"144":1,"145":0,"146":0,"147":0,"148":0,"149":0,"150":0,"151":0,"152":4,"153":0,"154":0,"155":0,"156":0,"157":0,"158":0,"159":0,"160":0,"161":0,"162":0,"163":0,"164":0,"165":0,"166":0,"167":0,"168":0,"169":0,"170":4,"171":0,"172":0,"173":0,"174":0,"175":0,"176":0,"177":0,"178":0,"179":0,"180":0,"181":4,"182":31,"183":0,"184":0,"185":0,"186":0,"187":1,"188":0,"189":0,"190":0,"191":7,"192":0,"193":0,"194":0,"195":0,"196":0,"197":0,"198":19,"199":0,"200":4},"f":{"0":19,"1":0,"2":0,"3":0,"4":0,"5":1,"6":0,"7":0,"8":0,"9":7,"10":0,"11":0,"12":0,"13":0,"14":0,"15":0,"16":7,"17":7,"18":0,"19":0,"20":0,"21":2,"22":4,"23":2,"24":2,"25":0,"26":1,"27":1,"28":1,"29":1,"30":1,"31":0,"32":7,"33":7,"34":1,"35":1,"36":1,"37":1,"38":0,"39":0,"40":0,"41":0,"42":0,"43":0,"44":0,"45":31},"b":{"0":[2,0],"1":[0,0],"2":[0,0,0,0],"3":[0,0],"4":[0,0],"5":[0,0],"6":[0,0],"7":[0,0],"8":[0,0],"9":[0,0],"10":[4],"11":[0,0,0,0,1,0,0,0,7,0,0,0,0,0,0,19,0,4]},"_coverageSchema":"332fd63041d2c1bcb487cc26dd0d5f7d97098a6c","hash":"03818ac72aeddeeefce975fe9cacd5039acc7b76"}
,"D:\\react_native\\todo-reactnative-master\\src\\redux\\middleware.js": {"path":"D:\\react_native\\todo-reactnative-master\\src\\redux\\middleware.js","statementMap":{},"fnMap":{},"branchMap":{},"s":{},"f":{},"b":{},"_coverageSchema":"332fd63041d2c1bcb487cc26dd0d5f7d97098a6c","hash":"d3087a3948d551909b912a3019461c014ba92c34"}
,"D:\\react_native\\todo-reactnative-master\\src\\redux\\reducer.js": {"path":"D:\\react_native\\todo-reactnative-master\\src\\redux\\reducer.js","statementMap":{"0":{"start":{"line":8,"column":17},"end":{"line":11,"column":1}},"1":{"start":{"line":15,"column":32},"end":{"line":15,"column":37}},"2":{"start":{"line":16,"column":21},"end":{"line":16,"column":68}},"3":{"start":{"line":16,"column":37},"end":{"line":16,"column":68}},"4":{"start":{"line":17,"column":21},"end":{"line":17,"column":65}},"5":{"start":{"line":17,"column":44},"end":{"line":17,"column":65}},"6":{"start":{"line":19,"column":26},"end":{"line":24,"column":1}},"7":{"start":{"line":27,"column":31},"end":{"line":29,"column":48}},"8":{"start":{"line":32,"column":2},"end":{"line":32,"column":42}}},"fnMap":{"0":{"name":"(anonymous_0)","decl":{"start":{"line":16,"column":21},"end":{"line":16,"column":22}},"loc":{"start":{"line":16,"column":37},"end":{"line":16,"column":68}},"line":16},"1":{"name":"(anonymous_1)","decl":{"start":{"line":17,"column":21},"end":{"line":17,"column":22}},"loc":{"start":{"line":17,"column":44},"end":{"line":17,"column":65}},"line":17},"2":{"name":"mainReducer","decl":{"start":{"line":26,"column":24},"end":{"line":26,"column":35}},"loc":{"start":{"line":26,"column":51},"end":{"line":33,"column":1}},"line":26}},"branchMap":{"0":{"loc":{"start":{"line":16,"column":37},"end":{"line":16,"column":68}},"type":"cond-expr","locations":[{"start":{"line":16,"column":45},"end":{"line":16,"column":59}},{"start":{"line":16,"column":62},"end":{"line":16,"column":68}}],"line":16},"1":{"loc":{"start":{"line":27,"column":31},"end":{"line":29,"column":48}},"type":"cond-expr","locations":[{"start":{"line":28,"column":6},"end":{"line":28,"column":47}},{"start":{"line":29,"column":6},"end":{"line":29,"column":48}}],"line":27},"2":{"loc":{"start":{"line":29,"column":24},"end":{"line":29,"column":39}},"type":"binary-expr","locations":[{"start":{"line":29,"column":24},"end":{"line":29,"column":29}},{"start":{"line":29,"column":33},"end":{"line":29,"column":39}}],"line":29}},"s":{"0":4,"1":4,"2":4,"3":62,"4":4,"5":62,"6":4,"7":31,"8":31},"f":{"0":62,"1":62,"2":31},"b":{"0":[62,0],"1":[0,31],"2":[31,4]},"_coverageSchema":"332fd63041d2c1bcb487cc26dd0d5f7d97098a6c","hash":"a67bcb58a12f17c0813a4d9eefe78c8012e8dfd7"}
,"D:\\react_native\\todo-reactnative-master\\src\\redux\\store.js": {"path":"D:\\react_native\\todo-reactnative-master\\src\\redux\\store.js","statementMap":{"0":{"start":{"line":6,"column":18},"end":{"line":9,"column":1}},"1":{"start":{"line":16,"column":25},"end":{"line":20,"column":13}},"2":{"start":{"line":23,"column":17},"end":{"line":23,"column":47}},"3":{"start":{"line":26,"column":14},"end":{"line":30,"column":1}}},"fnMap":{},"branchMap":{"0":{"loc":{"start":{"line":16,"column":25},"end":{"line":20,"column":13}},"type":"binary-expr","locations":[{"start":{"line":17,"column":1},"end":{"line":17,"column":8}},{"start":{"line":18,"column":1},"end":{"line":18,"column":32}},{"start":{"line":19,"column":1},"end":{"line":19,"column":44}},{"start":{"line":20,"column":6},"end":{"line":20,"column":13}}],"line":16}},"s":{"0":4,"1":4,"2":4,"3":4},"f":{},"b":{"0":[4,4,0,4]},"_coverageSchema":"332fd63041d2c1bcb487cc26dd0d5f7d97098a6c","hash":"bffb3f12a8d7ff7450ef0f7d292a108b9f50b079"}
,"D:\\react_native\\todo-reactnative-master\\src\\redux\\middleware\\loggerMiddleware.js": {"path":"D:\\react_native\\todo-reactnative-master\\src\\redux\\middleware\\loggerMiddleware.js","statementMap":{"0":{"start":{"line":8,"column":19},"end":{"line":8,"column":26}},"1":{"start":{"line":11,"column":29},"end":{"line":11,"column":41}},"2":{"start":{"line":15,"column":4},"end":{"line":17,"column":14}}},"fnMap":{"0":{"name":"(anonymous_0)","decl":{"start":{"line":8,"column":13},"end":{"line":8,"column":14}},"loc":{"start":{"line":8,"column":19},"end":{"line":8,"column":26}},"line":8},"1":{"name":"(anonymous_1)","decl":{"start":{"line":11,"column":20},"end":{"line":11,"column":21}},"loc":{"start":{"line":11,"column":29},"end":{"line":11,"column":41}},"line":11},"2":{"name":"(anonymous_2)","decl":{"start":{"line":14,"column":21},"end":{"line":14,"column":22}},"loc":{"start":{"line":15,"column":4},"end":{"line":17,"column":14}},"line":15}},"branchMap":{"0":{"loc":{"start":{"line":15,"column":4},"end":{"line":17,"column":14}},"type":"cond-expr","locations":[{"start":{"line":16,"column":8},"end":{"line":16,"column":51}},{"start":{"line":17,"column":8},"end":{"line":17,"column":14}}],"line":15},"1":{"loc":{"start":{"line":15,"column":4},"end":{"line":15,"column":51}},"type":"binary-expr","locations":[{"start":{"line":15,"column":4},"end":{"line":15,"column":10}},{"start":{"line":15,"column":14},"end":{"line":15,"column":28}},{"start":{"line":15,"column":32},"end":{"line":15,"column":51}}],"line":15}},"s":{"0":27,"1":54,"2":27},"f":{"0":27,"1":54,"2":27},"b":{"0":[0,27],"1":[27,27,11]},"_coverageSchema":"332fd63041d2c1bcb487cc26dd0d5f7d97098a6c","hash":"de49ade7e609b424f9d4cd1431fb6b4f02a65bca"}
,"D:\\react_native\\todo-reactnative-master\\src\\themes\\css\\styles.js": {"path":"D:\\react_native\\todo-reactnative-master\\src\\themes\\css\\styles.js","statementMap":{},"fnMap":{},"branchMap":{},"s":{},"f":{},"b":{},"_coverageSchema":"332fd63041d2c1bcb487cc26dd0d5f7d97098a6c","hash":"bf0b8f92b4d5834f449dc2fb53dd810f605f227c"}
,"D:\\react_native\\todo-reactnative-master\\src\\themes\\static\\common.js": {"path":"D:\\react_native\\todo-reactnative-master\\src\\themes\\static\\common.js","statementMap":{"0":{"start":{"line":1,"column":26},"end":{"line":11,"column":1}},"1":{"start":{"line":13,"column":22},"end":{"line":23,"column":1}}},"fnMap":{},"branchMap":{},"s":{"0":4,"1":4},"f":{},"b":{},"_coverageSchema":"332fd63041d2c1bcb487cc26dd0d5f7d97098a6c","hash":"343a02a8e07a5e83ca7157389ff6631df0da78cb"}
,"D:\\react_native\\todo-reactnative-master\\src\\utils\\api.js": {"path":"D:\\react_native\\todo-reactnative-master\\src\\utils\\api.js","statementMap":{"0":{"start":{"line":6,"column":21},"end":{"line":6,"column":45}},"1":{"start":{"line":8,"column":16},"end":{"line":8,"column":20}},"2":{"start":{"line":13,"column":22},"end":{"line":13,"column":40}},"3":{"start":{"line":22,"column":2},"end":{"line":22,"column":60}},"4":{"start":{"line":33,"column":2},"end":{"line":33,"column":61}},"5":{"start":{"line":44,"column":2},"end":{"line":44,"column":60}},"6":{"start":{"line":54,"column":2},"end":{"line":54,"column":63}},"7":{"start":{"line":65,"column":2},"end":{"line":77,"column":3}},"8":{"start":{"line":66,"column":21},"end":{"line":66,"column":74}},"9":{"start":{"line":67,"column":4},"end":{"line":70,"column":6}},"10":{"start":{"line":73,"column":4},"end":{"line":75,"column":5}},"11":{"start":{"line":74,"column":6},"end":{"line":74,"column":41}},"12":{"start":{"line":76,"column":4},"end":{"line":76,"column":16}},"13":{"start":{"line":84,"column":18},"end":{"line":84,"column":46}},"14":{"start":{"line":85,"column":2},"end":{"line":87,"column":27}},"15":{"start":{"line":95,"column":2},"end":{"line":106,"column":3}},"16":{"start":{"line":96,"column":21},"end":{"line":96,"column":30}},"17":{"start":{"line":97,"column":18},"end":{"line":97,"column":48}},"18":{"start":{"line":98,"column":20},"end":{"line":98,"column":50}},"19":{"start":{"line":99,"column":20},"end":{"line":101,"column":25}},"20":{"start":{"line":103,"column":4},"end":{"line":103,"column":54}},"21":{"start":{"line":105,"column":4},"end":{"line":105,"column":23}},"22":{"start":{"line":113,"column":2},"end":{"line":138,"column":3}},"23":{"start":{"line":114,"column":19},"end":{"line":114,"column":34}},"24":{"start":{"line":118,"column":4},"end":{"line":127,"column":5}},"25":{"start":{"line":119,"column":22},"end":{"line":119,"column":59}},"26":{"start":{"line":120,"column":20},"end":{"line":120,"column":50}},"27":{"start":{"line":123,"column":6},"end":{"line":123,"column":69}},"28":{"start":{"line":124,"column":6},"end":{"line":124,"column":63}},"29":{"start":{"line":126,"column":6},"end":{"line":126,"column":18}},"30":{"start":{"line":130,"column":25},"end":{"line":130,"column":46}},"31":{"start":{"line":131,"column":4},"end":{"line":135,"column":6}},"32":{"start":{"line":137,"column":4},"end":{"line":137,"column":12}},"33":{"start":{"line":142,"column":18},"end":{"line":144,"column":36}},"34":{"start":{"line":146,"column":2},"end":{"line":148,"column":3}},"35":{"start":{"line":147,"column":4},"end":{"line":147,"column":46}},"36":{"start":{"line":150,"column":2},"end":{"line":150,"column":17}},"37":{"start":{"line":156,"column":2},"end":{"line":174,"column":3}},"38":{"start":{"line":157,"column":17},"end":{"line":157,"column":38}},"39":{"start":{"line":158,"column":4},"end":{"line":160,"column":5}},"40":{"start":{"line":159,"column":6},"end":{"line":159,"column":16}},"41":{"start":{"line":163,"column":20},"end":{"line":163,"column":36}},"42":{"start":{"line":164,"column":4},"end":{"line":166,"column":5}},"43":{"start":{"line":165,"column":6},"end":{"line":165,"column":29}},"44":{"start":{"line":169,"column":4},"end":{"line":169,"column":16}},"45":{"start":{"line":173,"column":4},"end":{"line":173,"column":30}},"46":{"start":{"line":181,"column":2},"end":{"line":189,"column":5}},"47":{"start":{"line":182,"column":18},"end":{"line":182,"column":68}},"48":{"start":{"line":182,"column":35},"end":{"line":182,"column":63}},"49":{"start":{"line":183,"column":4},"end":{"line":188,"column":21}},"50":{"start":{"line":185,"column":8},"end":{"line":185,"column":28}},"51":{"start":{"line":186,"column":8},"end":{"line":186,"column":26}},"52":{"start":{"line":193,"column":2},"end":{"line":198,"column":3}},"53":{"start":{"line":194,"column":21},"end":{"line":194,"column":41}},"54":{"start":{"line":195,"column":4},"end":{"line":195,"column":25}},"55":{"start":{"line":197,"column":4},"end":{"line":197,"column":12}},"56":{"start":{"line":205,"column":2},"end":{"line":211,"column":3}},"57":{"start":{"line":206,"column":20},"end":{"line":206,"column":79}},"58":{"start":{"line":207,"column":4},"end":{"line":207,"column":95}},"59":{"start":{"line":210,"column":4},"end":{"line":210,"column":108}}},"fnMap":{"0":{"name":"get","decl":{"start":{"line":21,"column":22},"end":{"line":21,"column":25}},"loc":{"start":{"line":21,"column":48},"end":{"line":23,"column":1}},"line":21},"1":{"name":"post","decl":{"start":{"line":32,"column":22},"end":{"line":32,"column":26}},"loc":{"start":{"line":32,"column":55},"end":{"line":34,"column":1}},"line":32},"2":{"name":"put","decl":{"start":{"line":43,"column":22},"end":{"line":43,"column":25}},"loc":{"start":{"line":43,"column":54},"end":{"line":45,"column":1}},"line":43},"3":{"name":"del","decl":{"start":{"line":53,"column":22},"end":{"line":53,"column":25}},"loc":{"start":{"line":53,"column":48},"end":{"line":55,"column":1}},"line":53},"4":{"name":"request","decl":{"start":{"line":64,"column":22},"end":{"line":64,"column":29}},"loc":{"start":{"line":64,"column":66},"end":{"line":78,"column":1}},"line":64},"5":{"name":"url","decl":{"start":{"line":83,"column":16},"end":{"line":83,"column":19}},"loc":{"start":{"line":83,"column":26},"end":{"line":88,"column":1}},"line":83},"6":{"name":"sendRequest","decl":{"start":{"line":93,"column":15},"end":{"line":93,"column":26}},"loc":{"start":{"line":93,"column":47},"end":{"line":107,"column":1}},"line":93},"7":{"name":"handleResponse","decl":{"start":{"line":112,"column":15},"end":{"line":112,"column":29}},"loc":{"start":{"line":112,"column":46},"end":{"line":139,"column":1}},"line":112},"8":{"name":"getRequestHeaders","decl":{"start":{"line":141,"column":9},"end":{"line":141,"column":26}},"loc":{"start":{"line":141,"column":40},"end":{"line":151,"column":1}},"line":141},"9":{"name":"getErrorMessageSafely","decl":{"start":{"line":155,"column":15},"end":{"line":155,"column":36}},"loc":{"start":{"line":155,"column":47},"end":{"line":175,"column":1}},"line":155},"10":{"name":"timeout","decl":{"start":{"line":180,"column":9},"end":{"line":180,"column":16}},"loc":{"start":{"line":180,"column":30},"end":{"line":190,"column":1}},"line":180},"11":{"name":"(anonymous_11)","decl":{"start":{"line":181,"column":21},"end":{"line":181,"column":22}},"loc":{"start":{"line":181,"column":42},"end":{"line":189,"column":3}},"line":181},"12":{"name":"(anonymous_12)","decl":{"start":{"line":182,"column":29},"end":{"line":182,"column":30}},"loc":{"start":{"line":182,"column":35},"end":{"line":182,"column":63}},"line":182},"13":{"name":"(anonymous_13)","decl":{"start":{"line":184,"column":12},"end":{"line":184,"column":13}},"loc":{"start":{"line":184,"column":24},"end":{"line":187,"column":7}},"line":184},"14":{"name":"bodyOf","decl":{"start":{"line":192,"column":15},"end":{"line":192,"column":21}},"loc":{"start":{"line":192,"column":38},"end":{"line":199,"column":1}},"line":192},"15":{"name":"logError","decl":{"start":{"line":204,"column":9},"end":{"line":204,"column":17}},"loc":{"start":{"line":204,"column":43},"end":{"line":212,"column":1}},"line":204}},"branchMap":{"0":{"loc":{"start":{"line":73,"column":4},"end":{"line":75,"column":5}},"type":"if","locations":[{"start":{"line":73,"column":4},"end":{"line":75,"column":5}},{"start":{"line":73,"column":4},"end":{"line":75,"column":5}}],"line":73},"1":{"loc":{"start":{"line":85,"column":9},"end":{"line":87,"column":26}},"type":"cond-expr","locations":[{"start":{"line":86,"column":6},"end":{"line":86,"column":20}},{"start":{"line":87,"column":6},"end":{"line":87,"column":26}}],"line":85},"2":{"loc":{"start":{"line":99,"column":20},"end":{"line":101,"column":25}},"type":"cond-expr","locations":[{"start":{"line":100,"column":8},"end":{"line":100,"column":53}},{"start":{"line":101,"column":8},"end":{"line":101,"column":25}}],"line":99},"3":{"loc":{"start":{"line":118,"column":4},"end":{"line":127,"column":5}},"type":"if","locations":[{"start":{"line":118,"column":4},"end":{"line":127,"column":5}},{"start":{"line":118,"column":4},"end":{"line":127,"column":5}}],"line":118},"4":{"loc":{"start":{"line":134,"column":12},"end":{"line":134,"column":58}},"type":"cond-expr","locations":[{"start":{"line":134,"column":27},"end":{"line":134,"column":51}},{"start":{"line":134,"column":54},"end":{"line":134,"column":58}}],"line":134},"5":{"loc":{"start":{"line":142,"column":18},"end":{"line":144,"column":36}},"type":"cond-expr","locations":[{"start":{"line":143,"column":6},"end":{"line":143,"column":72}},{"start":{"line":144,"column":6},"end":{"line":144,"column":36}}],"line":142},"6":{"loc":{"start":{"line":146,"column":2},"end":{"line":148,"column":3}},"type":"if","locations":[{"start":{"line":146,"column":2},"end":{"line":148,"column":3}},{"start":{"line":146,"column":2},"end":{"line":148,"column":3}}],"line":146},"7":{"loc":{"start":{"line":158,"column":4},"end":{"line":160,"column":5}},"type":"if","locations":[{"start":{"line":158,"column":4},"end":{"line":160,"column":5}},{"start":{"line":158,"column":4},"end":{"line":160,"column":5}}],"line":158},"8":{"loc":{"start":{"line":164,"column":4},"end":{"line":166,"column":5}},"type":"if","locations":[{"start":{"line":164,"column":4},"end":{"line":166,"column":5}},{"start":{"line":164,"column":4},"end":{"line":166,"column":5}}],"line":164},"9":{"loc":{"start":{"line":164,"column":8},"end":{"line":164,"column":34}},"type":"binary-expr","locations":[{"start":{"line":164,"column":8},"end":{"line":164,"column":15}},{"start":{"line":164,"column":19},"end":{"line":164,"column":34}}],"line":164},"10":{"loc":{"start":{"line":205,"column":2},"end":{"line":211,"column":3}},"type":"if","locations":[{"start":{"line":205,"column":2},"end":{"line":211,"column":3}},{"start":{"line":205,"column":2},"end":{"line":211,"column":3}}],"line":205}},"s":{"0":1,"1":1,"2":1,"3":7,"4":5,"5":5,"6":4,"7":21,"8":21,"9":21,"10":0,"11":0,"12":0,"13":23,"14":23,"15":21,"16":21,"17":21,"18":21,"19":21,"20":21,"21":0,"22":21,"23":21,"24":21,"25":11,"26":11,"27":11,"28":11,"29":11,"30":10,"31":10,"32":11,"33":21,"34":21,"35":21,"36":0,"37":11,"38":11,"39":4,"40":0,"41":4,"42":4,"43":4,"44":0,"45":7,"46":21,"47":21,"48":0,"49":21,"50":21,"51":21,"52":21,"53":21,"54":10,"55":11,"56":0,"57":0,"58":0,"59":0},"f":{"0":7,"1":5,"2":5,"3":4,"4":21,"5":23,"6":21,"7":21,"8":21,"9":11,"10":21,"11":21,"12":0,"13":21,"14":21,"15":0},"b":{"0":[0,0],"1":[22,1],"2":[10,11],"3":[11,10],"4":[10,0],"5":[10,11],"6":[21,0],"7":[0,4],"8":[4,0],"9":[4,4],"10":[0,0]},"_coverageSchema":"332fd63041d2c1bcb487cc26dd0d5f7d97098a6c","hash":"e5e2b15c20ec21d386f00dc7d20ec0be59b95fab"}
,"D:\\react_native\\todo-reactnative-master\\src\\utils\\authentication.js": {"path":"D:\\react_native\\todo-reactnative-master\\src\\utils\\authentication.js","statementMap":{"0":{"start":{"line":3,"column":35},"end":{"line":3,"column":61}},"1":{"start":{"line":6,"column":2},"end":{"line":6,"column":58}},"2":{"start":{"line":10,"column":2},"end":{"line":10,"column":65}},"3":{"start":{"line":14,"column":2},"end":{"line":14,"column":61}}},"fnMap":{"0":{"name":"getAuthenticationToken","decl":{"start":{"line":5,"column":16},"end":{"line":5,"column":38}},"loc":{"start":{"line":5,"column":41},"end":{"line":7,"column":1}},"line":5},"1":{"name":"setAuthenticationToken","decl":{"start":{"line":9,"column":22},"end":{"line":9,"column":44}},"loc":{"start":{"line":9,"column":52},"end":{"line":11,"column":1}},"line":9},"2":{"name":"clearAuthenticationToken","decl":{"start":{"line":13,"column":22},"end":{"line":13,"column":46}},"loc":{"start":{"line":13,"column":49},"end":{"line":15,"column":1}},"line":13}},"branchMap":{},"s":{"0":1,"1":21,"2":0,"3":0},"f":{"0":21,"1":0,"2":0},"b":{},"_coverageSchema":"332fd63041d2c1bcb487cc26dd0d5f7d97098a6c","hash":"943caa63c106562c24fad289a6a74b5f443fcd31"}
,"D:\\react_native\\todo-reactnative-master\\src\\utils\\configuration.js": {"path":"D:\\react_native\\todo-reactnative-master\\src\\utils\\configuration.js","statementMap":{"0":{"start":{"line":3,"column":20},"end":{"line":3,"column":25}},"1":{"start":{"line":6,"column":2},"end":{"line":6,"column":49}},"2":{"start":{"line":10,"column":2},"end":{"line":10,"column":50}},"3":{"start":{"line":14,"column":2},"end":{"line":14,"column":45}},"4":{"start":{"line":18,"column":2},"end":{"line":20,"column":3}},"5":{"start":{"line":19,"column":4},"end":{"line":19,"column":59}},"6":{"start":{"line":22,"column":2},"end":{"line":22,"column":32}}},"fnMap":{"0":{"name":"setConfiguration","decl":{"start":{"line":5,"column":16},"end":{"line":5,"column":32}},"loc":{"start":{"line":5,"column":46},"end":{"line":7,"column":1}},"line":5},"1":{"name":"setAll","decl":{"start":{"line":9,"column":16},"end":{"line":9,"column":22}},"loc":{"start":{"line":9,"column":35},"end":{"line":11,"column":1}},"line":9},"2":{"name":"unsetConfiguration","decl":{"start":{"line":13,"column":16},"end":{"line":13,"column":34}},"loc":{"start":{"line":13,"column":41},"end":{"line":15,"column":1}},"line":13},"3":{"name":"getConfiguration","decl":{"start":{"line":17,"column":16},"end":{"line":17,"column":32}},"loc":{"start":{"line":17,"column":38},"end":{"line":23,"column":1}},"line":17}},"branchMap":{"0":{"loc":{"start":{"line":18,"column":2},"end":{"line":20,"column":3}},"type":"if","locations":[{"start":{"line":18,"column":2},"end":{"line":20,"column":3}},{"start":{"line":18,"column":2},"end":{"line":20,"column":3}}],"line":18}},"s":{"0":1,"1":23,"2":0,"3":23,"4":23,"5":0,"6":23},"f":{"0":23,"1":0,"2":23,"3":23},"b":{"0":[0,23]},"_coverageSchema":"332fd63041d2c1bcb487cc26dd0d5f7d97098a6c","hash":"9132de7e2e8bb2c30c08cc6ec425718d0deb77f2"}
,"D:\\react_native\\todo-reactnative-master\\test\\setup.js": {"path":"D:\\react_native\\todo-reactnative-master\\test\\setup.js","statementMap":{"0":{"start":{"line":2,"column":0},"end":{"line":8,"column":4}},"1":{"start":{"line":2,"column":28},"end":{"line":8,"column":1}}},"fnMap":{"0":{"name":"(anonymous_0)","decl":{"start":{"line":2,"column":21},"end":{"line":2,"column":22}},"loc":{"start":{"line":2,"column":28},"end":{"line":8,"column":1}},"line":2}},"branchMap":{},"s":{"0":5,"1":0},"f":{"0":0},"b":{},"_coverageSchema":"332fd63041d2c1bcb487cc26dd0d5f7d97098a6c","hash":"159b4ad21ae499fbc098b3b96897274940d7445f"}
}
